ERROR - 2024-12-02 06:41:23 --> Unknown column 'bukti_pembayaran' in 'field list'
CRITICAL - 2024-12-02 06:47:10 --> syntax error, unexpected '}', expecting end of file
#0 C:\Users\angel\Music\tokomakanan\system\Router\Router.php(175): CodeIgniter\Router\Router->autoRoute('home/dashboard')
#1 C:\Users\angel\Music\tokomakanan\system\CodeIgniter.php(726): CodeIgniter\Router\Router->handle('home/dashboard')
#2 C:\Users\angel\Music\tokomakanan\system\CodeIgniter.php(368): CodeIgniter\CodeIgniter->tryToRouteIt(Object(CodeIgniter\Router\RouteCollection))
#3 C:\Users\angel\Music\tokomakanan\system\CodeIgniter.php(326): CodeIgniter\CodeIgniter->handleRequest(NULL, Object(Config\Cache), false)
#4 C:\Users\angel\Music\tokomakanan\public\index.php(37): CodeIgniter\CodeIgniter->run()
#5 C:\Users\angel\Music\tokomakanan\system\Commands\Server\rewrite.php(43): require_once('C:\\Users\\angel\\...')
#6 {main}
CRITICAL - 2024-12-02 07:05:49 --> Class 'App\Models\OrderModel' not found
#0 C:\Users\angel\Music\tokomakanan\system\CodeIgniter.php(832): App\Controllers\Home->tambahPesanan()
#1 C:\Users\angel\Music\tokomakanan\system\CodeIgniter.php(419): CodeIgniter\CodeIgniter->runController(Object(App\Controllers\Home))
#2 C:\Users\angel\Music\tokomakanan\system\CodeIgniter.php(326): CodeIgniter\CodeIgniter->handleRequest(NULL, Object(Config\Cache), false)
#3 C:\Users\angel\Music\tokomakanan\public\index.php(37): CodeIgniter\CodeIgniter->run()
#4 C:\Users\angel\Music\tokomakanan\system\Commands\Server\rewrite.php(43): require_once('C:\\Users\\angel\\...')
#5 {main}
ERROR - 2024-12-02 07:10:32 --> Unknown column 'nama_pelanggan' in 'field list'
CRITICAL - 2024-12-02 07:11:17 --> number_format() expects parameter 1 to be float, string given
#0 [internal function]: CodeIgniter\Debug\Exceptions->errorHandler(2, 'number_format()...', 'C:\\Users\\angel\\...', 56, Array)
#1 C:\Users\angel\Music\tokomakanan\app\Views\order.php(56): number_format('', 0, ',', '.')
#2 C:\Users\angel\Music\tokomakanan\system\View\View.php(210): include('C:\\Users\\angel\\...')
#3 C:\Users\angel\Music\tokomakanan\system\View\View.php(213): CodeIgniter\View\View->CodeIgniter\View\{closure}()
#4 C:\Users\angel\Music\tokomakanan\system\Common.php(1089): CodeIgniter\View\View->render('order', Array, true)
#5 C:\Users\angel\Music\tokomakanan\app\Controllers\Home.php(95): view('order', Array)
#6 C:\Users\angel\Music\tokomakanan\system\CodeIgniter.php(832): App\Controllers\Home->order()
#7 C:\Users\angel\Music\tokomakanan\system\CodeIgniter.php(419): CodeIgniter\CodeIgniter->runController(Object(App\Controllers\Home))
#8 C:\Users\angel\Music\tokomakanan\system\CodeIgniter.php(326): CodeIgniter\CodeIgniter->handleRequest(NULL, Object(Config\Cache), false)
#9 C:\Users\angel\Music\tokomakanan\public\index.php(37): CodeIgniter\CodeIgniter->run()
#10 C:\Users\angel\Music\tokomakanan\system\Commands\Server\rewrite.php(43): require_once('C:\\Users\\angel\\...')
#11 {main}
CRITICAL - 2024-12-02 07:12:58 --> number_format() expects parameter 1 to be float, string given
#0 [internal function]: CodeIgniter\Debug\Exceptions->errorHandler(2, 'number_format()...', 'C:\\Users\\angel\\...', 56, Array)
#1 C:\Users\angel\Music\tokomakanan\app\Views\order.php(56): number_format('', 0, ',', '.')
#2 C:\Users\angel\Music\tokomakanan\system\View\View.php(210): include('C:\\Users\\angel\\...')
#3 C:\Users\angel\Music\tokomakanan\system\View\View.php(213): CodeIgniter\View\View->CodeIgniter\View\{closure}()
#4 C:\Users\angel\Music\tokomakanan\system\Common.php(1089): CodeIgniter\View\View->render('order', Array, true)
#5 C:\Users\angel\Music\tokomakanan\app\Controllers\Home.php(95): view('order', Array)
#6 C:\Users\angel\Music\tokomakanan\system\CodeIgniter.php(832): App\Controllers\Home->order()
#7 C:\Users\angel\Music\tokomakanan\system\CodeIgniter.php(419): CodeIgniter\CodeIgniter->runController(Object(App\Controllers\Home))
#8 C:\Users\angel\Music\tokomakanan\system\CodeIgniter.php(326): CodeIgniter\CodeIgniter->handleRequest(NULL, Object(Config\Cache), false)
#9 C:\Users\angel\Music\tokomakanan\public\index.php(37): CodeIgniter\CodeIgniter->run()
#10 C:\Users\angel\Music\tokomakanan\system\Commands\Server\rewrite.php(43): require_once('C:\\Users\\angel\\...')
#11 {main}
CRITICAL - 2024-12-02 07:14:01 --> number_format() expects parameter 1 to be float, string given
#0 [internal function]: CodeIgniter\Debug\Exceptions->errorHandler(2, 'number_format()...', 'C:\\Users\\angel\\...', 56, Array)
#1 C:\Users\angel\Music\tokomakanan\app\Views\order.php(56): number_format('', 0, ',', '.')
#2 C:\Users\angel\Music\tokomakanan\system\View\View.php(210): include('C:\\Users\\angel\\...')
#3 C:\Users\angel\Music\tokomakanan\system\View\View.php(213): CodeIgniter\View\View->CodeIgniter\View\{closure}()
#4 C:\Users\angel\Music\tokomakanan\system\Common.php(1089): CodeIgniter\View\View->render('order', Array, true)
#5 C:\Users\angel\Music\tokomakanan\app\Controllers\Home.php(95): view('order', Array)
#6 C:\Users\angel\Music\tokomakanan\system\CodeIgniter.php(832): App\Controllers\Home->order()
#7 C:\Users\angel\Music\tokomakanan\system\CodeIgniter.php(419): CodeIgniter\CodeIgniter->runController(Object(App\Controllers\Home))
#8 C:\Users\angel\Music\tokomakanan\system\CodeIgniter.php(326): CodeIgniter\CodeIgniter->handleRequest(NULL, Object(Config\Cache), false)
#9 C:\Users\angel\Music\tokomakanan\public\index.php(37): CodeIgniter\CodeIgniter->run()
#10 C:\Users\angel\Music\tokomakanan\system\Commands\Server\rewrite.php(43): require_once('C:\\Users\\angel\\...')
#11 {main}
CRITICAL - 2024-12-02 07:17:31 --> number_format() expects parameter 1 to be float, string given
#0 [internal function]: CodeIgniter\Debug\Exceptions->errorHandler(2, 'number_format()...', 'C:\\Users\\angel\\...', 56, Array)
#1 C:\Users\angel\Music\tokomakanan\app\Views\order.php(56): number_format('', 0, ',', '.')
#2 C:\Users\angel\Music\tokomakanan\system\View\View.php(210): include('C:\\Users\\angel\\...')
#3 C:\Users\angel\Music\tokomakanan\system\View\View.php(213): CodeIgniter\View\View->CodeIgniter\View\{closure}()
#4 C:\Users\angel\Music\tokomakanan\system\Common.php(1089): CodeIgniter\View\View->render('order', Array, true)
#5 C:\Users\angel\Music\tokomakanan\app\Controllers\Home.php(95): view('order', Array)
#6 C:\Users\angel\Music\tokomakanan\system\CodeIgniter.php(832): App\Controllers\Home->order()
#7 C:\Users\angel\Music\tokomakanan\system\CodeIgniter.php(419): CodeIgniter\CodeIgniter->runController(Object(App\Controllers\Home))
#8 C:\Users\angel\Music\tokomakanan\system\CodeIgniter.php(326): CodeIgniter\CodeIgniter->handleRequest(NULL, Object(Config\Cache), false)
#9 C:\Users\angel\Music\tokomakanan\public\index.php(37): CodeIgniter\CodeIgniter->run()
#10 C:\Users\angel\Music\tokomakanan\system\Commands\Server\rewrite.php(43): require_once('C:\\Users\\angel\\...')
#11 {main}
CRITICAL - 2024-12-02 07:18:09 --> number_format() expects parameter 1 to be float, string given
#0 [internal function]: CodeIgniter\Debug\Exceptions->errorHandler(2, 'number_format()...', 'C:\\Users\\angel\\...', 87, Array)
#1 C:\Users\angel\Music\tokomakanan\app\Views\order.php(87): number_format('', 0, ',', '.')
#2 C:\Users\angel\Music\tokomakanan\system\View\View.php(210): include('C:\\Users\\angel\\...')
#3 C:\Users\angel\Music\tokomakanan\system\View\View.php(213): CodeIgniter\View\View->CodeIgniter\View\{closure}()
#4 C:\Users\angel\Music\tokomakanan\system\Common.php(1089): CodeIgniter\View\View->render('order', Array, true)
#5 C:\Users\angel\Music\tokomakanan\app\Controllers\Home.php(95): view('order', Array)
#6 C:\Users\angel\Music\tokomakanan\system\CodeIgniter.php(832): App\Controllers\Home->order()
#7 C:\Users\angel\Music\tokomakanan\system\CodeIgniter.php(419): CodeIgniter\CodeIgniter->runController(Object(App\Controllers\Home))
#8 C:\Users\angel\Music\tokomakanan\system\CodeIgniter.php(326): CodeIgniter\CodeIgniter->handleRequest(NULL, Object(Config\Cache), false)
#9 C:\Users\angel\Music\tokomakanan\public\index.php(37): CodeIgniter\CodeIgniter->run()
#10 C:\Users\angel\Music\tokomakanan\system\Commands\Server\rewrite.php(43): require_once('C:\\Users\\angel\\...')
#11 {main}
CRITICAL - 2024-12-02 07:20:28 --> syntax error, unexpected ':', expecting ';' or ','
#0 C:\Users\angel\Music\tokomakanan\system\View\View.php(213): CodeIgniter\View\View->CodeIgniter\View\{closure}()
#1 C:\Users\angel\Music\tokomakanan\system\Common.php(1089): CodeIgniter\View\View->render('order', Array, true)
#2 C:\Users\angel\Music\tokomakanan\app\Controllers\Home.php(95): view('order', Array)
#3 C:\Users\angel\Music\tokomakanan\system\CodeIgniter.php(832): App\Controllers\Home->order()
#4 C:\Users\angel\Music\tokomakanan\system\CodeIgniter.php(419): CodeIgniter\CodeIgniter->runController(Object(App\Controllers\Home))
#5 C:\Users\angel\Music\tokomakanan\system\CodeIgniter.php(326): CodeIgniter\CodeIgniter->handleRequest(NULL, Object(Config\Cache), false)
#6 C:\Users\angel\Music\tokomakanan\public\index.php(37): CodeIgniter\CodeIgniter->run()
#7 C:\Users\angel\Music\tokomakanan\system\Commands\Server\rewrite.php(43): require_once('C:\\Users\\angel\\...')
#8 {main}
CRITICAL - 2024-12-02 07:21:02 --> syntax error, unexpected ':', expecting ';' or ','
#0 C:\Users\angel\Music\tokomakanan\system\View\View.php(213): CodeIgniter\View\View->CodeIgniter\View\{closure}()
#1 C:\Users\angel\Music\tokomakanan\system\Common.php(1089): CodeIgniter\View\View->render('order', Array, true)
#2 C:\Users\angel\Music\tokomakanan\app\Controllers\Home.php(95): view('order', Array)
#3 C:\Users\angel\Music\tokomakanan\system\CodeIgniter.php(832): App\Controllers\Home->order()
#4 C:\Users\angel\Music\tokomakanan\system\CodeIgniter.php(419): CodeIgniter\CodeIgniter->runController(Object(App\Controllers\Home))
#5 C:\Users\angel\Music\tokomakanan\system\CodeIgniter.php(326): CodeIgniter\CodeIgniter->handleRequest(NULL, Object(Config\Cache), false)
#6 C:\Users\angel\Music\tokomakanan\public\index.php(37): CodeIgniter\CodeIgniter->run()
#7 C:\Users\angel\Music\tokomakanan\system\Commands\Server\rewrite.php(43): require_once('C:\\Users\\angel\\...')
#8 {main}
CRITICAL - 2024-12-02 07:21:38 --> number_format() expects parameter 1 to be float, string given
#0 [internal function]: CodeIgniter\Debug\Exceptions->errorHandler(2, 'number_format()...', 'C:\\Users\\angel\\...', 87, Array)
#1 C:\Users\angel\Music\tokomakanan\app\Views\order.php(87): number_format('', 0, ',', '.')
#2 C:\Users\angel\Music\tokomakanan\system\View\View.php(210): include('C:\\Users\\angel\\...')
#3 C:\Users\angel\Music\tokomakanan\system\View\View.php(213): CodeIgniter\View\View->CodeIgniter\View\{closure}()
#4 C:\Users\angel\Music\tokomakanan\system\Common.php(1089): CodeIgniter\View\View->render('order', Array, true)
#5 C:\Users\angel\Music\tokomakanan\app\Controllers\Home.php(95): view('order', Array)
#6 C:\Users\angel\Music\tokomakanan\system\CodeIgniter.php(832): App\Controllers\Home->order()
#7 C:\Users\angel\Music\tokomakanan\system\CodeIgniter.php(419): CodeIgniter\CodeIgniter->runController(Object(App\Controllers\Home))
#8 C:\Users\angel\Music\tokomakanan\system\CodeIgniter.php(326): CodeIgniter\CodeIgniter->handleRequest(NULL, Object(Config\Cache), false)
#9 C:\Users\angel\Music\tokomakanan\public\index.php(37): CodeIgniter\CodeIgniter->run()
#10 C:\Users\angel\Music\tokomakanan\system\Commands\Server\rewrite.php(43): require_once('C:\\Users\\angel\\...')
#11 {main}
CRITICAL - 2024-12-02 07:22:41 --> number_format() expects parameter 1 to be float, string given
#0 [internal function]: CodeIgniter\Debug\Exceptions->errorHandler(2, 'number_format()...', 'C:\\Users\\angel\\...', 56, Array)
#1 C:\Users\angel\Music\tokomakanan\app\Views\order.php(56): number_format('', 0, ',', '.')
#2 C:\Users\angel\Music\tokomakanan\system\View\View.php(210): include('C:\\Users\\angel\\...')
#3 C:\Users\angel\Music\tokomakanan\system\View\View.php(213): CodeIgniter\View\View->CodeIgniter\View\{closure}()
#4 C:\Users\angel\Music\tokomakanan\system\Common.php(1089): CodeIgniter\View\View->render('order', Array, true)
#5 C:\Users\angel\Music\tokomakanan\app\Controllers\Home.php(95): view('order', Array)
#6 C:\Users\angel\Music\tokomakanan\system\CodeIgniter.php(832): App\Controllers\Home->order()
#7 C:\Users\angel\Music\tokomakanan\system\CodeIgniter.php(419): CodeIgniter\CodeIgniter->runController(Object(App\Controllers\Home))
#8 C:\Users\angel\Music\tokomakanan\system\CodeIgniter.php(326): CodeIgniter\CodeIgniter->handleRequest(NULL, Object(Config\Cache), false)
#9 C:\Users\angel\Music\tokomakanan\public\index.php(37): CodeIgniter\CodeIgniter->run()
#10 C:\Users\angel\Music\tokomakanan\system\Commands\Server\rewrite.php(43): require_once('C:\\Users\\angel\\...')
#11 {main}
CRITICAL - 2024-12-02 07:24:04 --> number_format() expects parameter 1 to be float, string given
#0 [internal function]: CodeIgniter\Debug\Exceptions->errorHandler(2, 'number_format()...', 'C:\\Users\\angel\\...', 86, Array)
#1 C:\Users\angel\Music\tokomakanan\app\Views\order.php(86): number_format('', 0, ',', '.')
#2 C:\Users\angel\Music\tokomakanan\system\View\View.php(210): include('C:\\Users\\angel\\...')
#3 C:\Users\angel\Music\tokomakanan\system\View\View.php(213): CodeIgniter\View\View->CodeIgniter\View\{closure}()
#4 C:\Users\angel\Music\tokomakanan\system\Common.php(1089): CodeIgniter\View\View->render('order', Array, true)
#5 C:\Users\angel\Music\tokomakanan\app\Controllers\Home.php(95): view('order', Array)
#6 C:\Users\angel\Music\tokomakanan\system\CodeIgniter.php(832): App\Controllers\Home->order()
#7 C:\Users\angel\Music\tokomakanan\system\CodeIgniter.php(419): CodeIgniter\CodeIgniter->runController(Object(App\Controllers\Home))
#8 C:\Users\angel\Music\tokomakanan\system\CodeIgniter.php(326): CodeIgniter\CodeIgniter->handleRequest(NULL, Object(Config\Cache), false)
#9 C:\Users\angel\Music\tokomakanan\public\index.php(37): CodeIgniter\CodeIgniter->run()
#10 C:\Users\angel\Music\tokomakanan\system\Commands\Server\rewrite.php(43): require_once('C:\\Users\\angel\\...')
#11 {main}
ERROR - 2024-12-02 07:35:35 --> Unknown column 'bukti_pembayaran' in 'field list'
ERROR - 2024-12-02 07:36:34 --> Unknown column 'bukti_pembayaran' in 'field list'
ERROR - 2024-12-02 07:55:16 --> Unknown column 'harga' in 'field list'
CRITICAL - 2024-12-02 08:58:57 --> Cannot use object of type stdClass as array
#0 C:\Users\angel\Music\tokomakanan\system\View\View.php(210): include()
#1 C:\Users\angel\Music\tokomakanan\system\View\View.php(213): CodeIgniter\View\View->CodeIgniter\View\{closure}()
#2 C:\Users\angel\Music\tokomakanan\system\Common.php(1089): CodeIgniter\View\View->render('order', Array, true)
#3 C:\Users\angel\Music\tokomakanan\app\Controllers\Home.php(95): view('order', Array)
#4 C:\Users\angel\Music\tokomakanan\system\CodeIgniter.php(832): App\Controllers\Home->order()
#5 C:\Users\angel\Music\tokomakanan\system\CodeIgniter.php(419): CodeIgniter\CodeIgniter->runController(Object(App\Controllers\Home))
#6 C:\Users\angel\Music\tokomakanan\system\CodeIgniter.php(326): CodeIgniter\CodeIgniter->handleRequest(NULL, Object(Config\Cache), false)
#7 C:\Users\angel\Music\tokomakanan\public\index.php(37): CodeIgniter\CodeIgniter->run()
#8 C:\Users\angel\Music\tokomakanan\system\Commands\Server\rewrite.php(43): require_once('C:\\Users\\angel\\...')
#9 {main}
CRITICAL - 2024-12-02 08:59:27 --> Cannot use object of type stdClass as array
#0 C:\Users\angel\Music\tokomakanan\system\View\View.php(210): include()
#1 C:\Users\angel\Music\tokomakanan\system\View\View.php(213): CodeIgniter\View\View->CodeIgniter\View\{closure}()
#2 C:\Users\angel\Music\tokomakanan\system\Common.php(1089): CodeIgniter\View\View->render('order', Array, true)
#3 C:\Users\angel\Music\tokomakanan\app\Controllers\Home.php(95): view('order', Array)
#4 C:\Users\angel\Music\tokomakanan\system\CodeIgniter.php(832): App\Controllers\Home->order()
#5 C:\Users\angel\Music\tokomakanan\system\CodeIgniter.php(419): CodeIgniter\CodeIgniter->runController(Object(App\Controllers\Home))
#6 C:\Users\angel\Music\tokomakanan\system\CodeIgniter.php(326): CodeIgniter\CodeIgniter->handleRequest(NULL, Object(Config\Cache), false)
#7 C:\Users\angel\Music\tokomakanan\public\index.php(37): CodeIgniter\CodeIgniter->run()
#8 C:\Users\angel\Music\tokomakanan\system\Commands\Server\rewrite.php(43): require_once('C:\\Users\\angel\\...')
#9 {main}
CRITICAL - 2024-12-02 09:01:03 --> Cannot use object of type stdClass as array
#0 C:\Users\angel\Music\tokomakanan\system\View\View.php(210): include()
#1 C:\Users\angel\Music\tokomakanan\system\View\View.php(213): CodeIgniter\View\View->CodeIgniter\View\{closure}()
#2 C:\Users\angel\Music\tokomakanan\system\Common.php(1089): CodeIgniter\View\View->render('order', Array, true)
#3 C:\Users\angel\Music\tokomakanan\app\Controllers\Home.php(95): view('order', Array)
#4 C:\Users\angel\Music\tokomakanan\system\CodeIgniter.php(832): App\Controllers\Home->order()
#5 C:\Users\angel\Music\tokomakanan\system\CodeIgniter.php(419): CodeIgniter\CodeIgniter->runController(Object(App\Controllers\Home))
#6 C:\Users\angel\Music\tokomakanan\system\CodeIgniter.php(326): CodeIgniter\CodeIgniter->handleRequest(NULL, Object(Config\Cache), false)
#7 C:\Users\angel\Music\tokomakanan\public\index.php(37): CodeIgniter\CodeIgniter->run()
#8 C:\Users\angel\Music\tokomakanan\system\Commands\Server\rewrite.php(43): require_once('C:\\Users\\angel\\...')
#9 {main}
CRITICAL - 2024-12-02 09:02:16 --> Cannot use object of type stdClass as array
#0 C:\Users\angel\Music\tokomakanan\system\View\View.php(210): include()
#1 C:\Users\angel\Music\tokomakanan\system\View\View.php(213): CodeIgniter\View\View->CodeIgniter\View\{closure}()
#2 C:\Users\angel\Music\tokomakanan\system\Common.php(1089): CodeIgniter\View\View->render('order', Array, true)
#3 C:\Users\angel\Music\tokomakanan\app\Controllers\Home.php(95): view('order', Array)
#4 C:\Users\angel\Music\tokomakanan\system\CodeIgniter.php(832): App\Controllers\Home->order()
#5 C:\Users\angel\Music\tokomakanan\system\CodeIgniter.php(419): CodeIgniter\CodeIgniter->runController(Object(App\Controllers\Home))
#6 C:\Users\angel\Music\tokomakanan\system\CodeIgniter.php(326): CodeIgniter\CodeIgniter->handleRequest(NULL, Object(Config\Cache), false)
#7 C:\Users\angel\Music\tokomakanan\public\index.php(37): CodeIgniter\CodeIgniter->run()
#8 C:\Users\angel\Music\tokomakanan\system\Commands\Server\rewrite.php(43): require_once('C:\\Users\\angel\\...')
#9 {main}
CRITICAL - 2024-12-02 09:03:16 --> number_format() expects parameter 1 to be float, string given
#0 [internal function]: CodeIgniter\Debug\Exceptions->errorHandler(2, 'number_format()...', 'C:\\Users\\angel\\...', 56, Array)
#1 C:\Users\angel\Music\tokomakanan\app\Views\order.php(56): number_format('', 0, ',', '.')
#2 C:\Users\angel\Music\tokomakanan\system\View\View.php(210): include('C:\\Users\\angel\\...')
#3 C:\Users\angel\Music\tokomakanan\system\View\View.php(213): CodeIgniter\View\View->CodeIgniter\View\{closure}()
#4 C:\Users\angel\Music\tokomakanan\system\Common.php(1089): CodeIgniter\View\View->render('order', Array, true)
#5 C:\Users\angel\Music\tokomakanan\app\Controllers\Home.php(95): view('order', Array)
#6 C:\Users\angel\Music\tokomakanan\system\CodeIgniter.php(832): App\Controllers\Home->order()
#7 C:\Users\angel\Music\tokomakanan\system\CodeIgniter.php(419): CodeIgniter\CodeIgniter->runController(Object(App\Controllers\Home))
#8 C:\Users\angel\Music\tokomakanan\system\CodeIgniter.php(326): CodeIgniter\CodeIgniter->handleRequest(NULL, Object(Config\Cache), false)
#9 C:\Users\angel\Music\tokomakanan\public\index.php(37): CodeIgniter\CodeIgniter->run()
#10 C:\Users\angel\Music\tokomakanan\system\Commands\Server\rewrite.php(43): require_once('C:\\Users\\angel\\...')
#11 {main}
CRITICAL - 2024-12-02 09:04:08 --> Cannot use object of type stdClass as array
#0 C:\Users\angel\Music\tokomakanan\system\View\View.php(210): include()
#1 C:\Users\angel\Music\tokomakanan\system\View\View.php(213): CodeIgniter\View\View->CodeIgniter\View\{closure}()
#2 C:\Users\angel\Music\tokomakanan\system\Common.php(1089): CodeIgniter\View\View->render('order', Array, true)
#3 C:\Users\angel\Music\tokomakanan\app\Controllers\Home.php(95): view('order', Array)
#4 C:\Users\angel\Music\tokomakanan\system\CodeIgniter.php(832): App\Controllers\Home->order()
#5 C:\Users\angel\Music\tokomakanan\system\CodeIgniter.php(419): CodeIgniter\CodeIgniter->runController(Object(App\Controllers\Home))
#6 C:\Users\angel\Music\tokomakanan\system\CodeIgniter.php(326): CodeIgniter\CodeIgniter->handleRequest(NULL, Object(Config\Cache), false)
#7 C:\Users\angel\Music\tokomakanan\public\index.php(37): CodeIgniter\CodeIgniter->run()
#8 C:\Users\angel\Music\tokomakanan\system\Commands\Server\rewrite.php(43): require_once('C:\\Users\\angel\\...')
#9 {main}
CRITICAL - 2024-12-02 09:05:48 --> Cannot use object of type stdClass as array
#0 C:\Users\angel\Music\tokomakanan\system\View\View.php(210): include()
#1 C:\Users\angel\Music\tokomakanan\system\View\View.php(213): CodeIgniter\View\View->CodeIgniter\View\{closure}()
#2 C:\Users\angel\Music\tokomakanan\system\Common.php(1089): CodeIgniter\View\View->render('order', Array, true)
#3 C:\Users\angel\Music\tokomakanan\app\Controllers\Home.php(95): view('order', Array)
#4 C:\Users\angel\Music\tokomakanan\system\CodeIgniter.php(832): App\Controllers\Home->order()
#5 C:\Users\angel\Music\tokomakanan\system\CodeIgniter.php(419): CodeIgniter\CodeIgniter->runController(Object(App\Controllers\Home))
#6 C:\Users\angel\Music\tokomakanan\system\CodeIgniter.php(326): CodeIgniter\CodeIgniter->handleRequest(NULL, Object(Config\Cache), false)
#7 C:\Users\angel\Music\tokomakanan\public\index.php(37): CodeIgniter\CodeIgniter->run()
#8 C:\Users\angel\Music\tokomakanan\system\Commands\Server\rewrite.php(43): require_once('C:\\Users\\angel\\...')
#9 {main}
CRITICAL - 2024-12-02 09:08:36 --> Call to a member function find() on null
#0 C:\Users\angel\Music\tokomakanan\system\CodeIgniter.php(832): App\Controllers\Home->tambahPesanan()
#1 C:\Users\angel\Music\tokomakanan\system\CodeIgniter.php(419): CodeIgniter\CodeIgniter->runController(Object(App\Controllers\Home))
#2 C:\Users\angel\Music\tokomakanan\system\CodeIgniter.php(326): CodeIgniter\CodeIgniter->handleRequest(NULL, Object(Config\Cache), false)
#3 C:\Users\angel\Music\tokomakanan\public\index.php(37): CodeIgniter\CodeIgniter->run()
#4 C:\Users\angel\Music\tokomakanan\system\Commands\Server\rewrite.php(43): require_once('C:\\Users\\angel\\...')
#5 {main}
CRITICAL - 2024-12-02 09:11:26 --> Invalid argument supplied for foreach()
#0 C:\Users\angel\Music\tokomakanan\app\Controllers\Home.php(582): CodeIgniter\Debug\Exceptions->errorHandler(2, 'Invalid argumen...', 'C:\\Users\\angel\\...', 582, Array)
#1 C:\Users\angel\Music\tokomakanan\system\CodeIgniter.php(832): App\Controllers\Home->tambahPesanan()
#2 C:\Users\angel\Music\tokomakanan\system\CodeIgniter.php(419): CodeIgniter\CodeIgniter->runController(Object(App\Controllers\Home))
#3 C:\Users\angel\Music\tokomakanan\system\CodeIgniter.php(326): CodeIgniter\CodeIgniter->handleRequest(NULL, Object(Config\Cache), false)
#4 C:\Users\angel\Music\tokomakanan\public\index.php(37): CodeIgniter\CodeIgniter->run()
#5 C:\Users\angel\Music\tokomakanan\system\Commands\Server\rewrite.php(43): require_once('C:\\Users\\angel\\...')
#6 {main}
CRITICAL - 2024-12-02 09:12:56 --> Call to a member function find() on null
#0 C:\Users\angel\Music\tokomakanan\system\CodeIgniter.php(832): App\Controllers\Home->tambahPesanan()
#1 C:\Users\angel\Music\tokomakanan\system\CodeIgniter.php(419): CodeIgniter\CodeIgniter->runController(Object(App\Controllers\Home))
#2 C:\Users\angel\Music\tokomakanan\system\CodeIgniter.php(326): CodeIgniter\CodeIgniter->handleRequest(NULL, Object(Config\Cache), false)
#3 C:\Users\angel\Music\tokomakanan\public\index.php(37): CodeIgniter\CodeIgniter->run()
#4 C:\Users\angel\Music\tokomakanan\system\Commands\Server\rewrite.php(43): require_once('C:\\Users\\angel\\...')
#5 {main}
CRITICAL - 2024-12-02 09:37:37 --> Call to a member function find() on null
#0 C:\Users\angel\Music\tokomakanan\system\CodeIgniter.php(832): App\Controllers\Home->tambahPesanan()
#1 C:\Users\angel\Music\tokomakanan\system\CodeIgniter.php(419): CodeIgniter\CodeIgniter->runController(Object(App\Controllers\Home))
#2 C:\Users\angel\Music\tokomakanan\system\CodeIgniter.php(326): CodeIgniter\CodeIgniter->handleRequest(NULL, Object(Config\Cache), false)
#3 C:\Users\angel\Music\tokomakanan\public\index.php(37): CodeIgniter\CodeIgniter->run()
#4 C:\Users\angel\Music\tokomakanan\system\Commands\Server\rewrite.php(43): require_once('C:\\Users\\angel\\...')
#5 {main}
CRITICAL - 2024-12-02 10:09:40 --> syntax error, unexpected 'endforeach' (T_ENDFOREACH), expecting elseif (T_ELSEIF) or else (T_ELSE) or endif (T_ENDIF)
#0 C:\Users\angel\Music\tokomakanan\system\View\View.php(213): CodeIgniter\View\View->CodeIgniter\View\{closure}()
#1 C:\Users\angel\Music\tokomakanan\system\Common.php(1089): CodeIgniter\View\View->render('order', Array, true)
#2 C:\Users\angel\Music\tokomakanan\app\Controllers\Home.php(95): view('order', Array)
#3 C:\Users\angel\Music\tokomakanan\system\CodeIgniter.php(832): App\Controllers\Home->order()
#4 C:\Users\angel\Music\tokomakanan\system\CodeIgniter.php(419): CodeIgniter\CodeIgniter->runController(Object(App\Controllers\Home))
#5 C:\Users\angel\Music\tokomakanan\system\CodeIgniter.php(326): CodeIgniter\CodeIgniter->handleRequest(NULL, Object(Config\Cache), false)
#6 C:\Users\angel\Music\tokomakanan\public\index.php(37): CodeIgniter\CodeIgniter->run()
#7 C:\Users\angel\Music\tokomakanan\system\Commands\Server\rewrite.php(43): require_once('C:\\Users\\angel\\...')
#8 {main}
CRITICAL - 2024-12-02 10:24:59 --> syntax error, unexpected 'public' (T_PUBLIC), expecting end of file
#0 C:\Users\angel\Music\tokomakanan\system\Router\Router.php(175): CodeIgniter\Router\Router->autoRoute('home/order')
#1 C:\Users\angel\Music\tokomakanan\system\CodeIgniter.php(726): CodeIgniter\Router\Router->handle('home/order')
#2 C:\Users\angel\Music\tokomakanan\system\CodeIgniter.php(368): CodeIgniter\CodeIgniter->tryToRouteIt(Object(CodeIgniter\Router\RouteCollection))
#3 C:\Users\angel\Music\tokomakanan\system\CodeIgniter.php(326): CodeIgniter\CodeIgniter->handleRequest(NULL, Object(Config\Cache), false)
#4 C:\Users\angel\Music\tokomakanan\public\index.php(37): CodeIgniter\CodeIgniter->run()
#5 C:\Users\angel\Music\tokomakanan\system\Commands\Server\rewrite.php(43): require_once('C:\\Users\\angel\\...')
#6 {main}
CRITICAL - 2024-12-02 10:25:30 --> syntax error, unexpected 'public' (T_PUBLIC), expecting end of file
#0 C:\Users\angel\Music\tokomakanan\system\Router\Router.php(175): CodeIgniter\Router\Router->autoRoute('home/order')
#1 C:\Users\angel\Music\tokomakanan\system\CodeIgniter.php(726): CodeIgniter\Router\Router->handle('home/order')
#2 C:\Users\angel\Music\tokomakanan\system\CodeIgniter.php(368): CodeIgniter\CodeIgniter->tryToRouteIt(Object(CodeIgniter\Router\RouteCollection))
#3 C:\Users\angel\Music\tokomakanan\system\CodeIgniter.php(326): CodeIgniter\CodeIgniter->handleRequest(NULL, Object(Config\Cache), false)
#4 C:\Users\angel\Music\tokomakanan\public\index.php(37): CodeIgniter\CodeIgniter->run()
#5 C:\Users\angel\Music\tokomakanan\system\Commands\Server\rewrite.php(43): require_once('C:\\Users\\angel\\...')
#6 {main}
CRITICAL - 2024-12-02 10:25:41 --> syntax error, unexpected end of file, expecting function (T_FUNCTION) or const (T_CONST)
#0 C:\Users\angel\Music\tokomakanan\system\Router\Router.php(175): CodeIgniter\Router\Router->autoRoute('home/order')
#1 C:\Users\angel\Music\tokomakanan\system\CodeIgniter.php(726): CodeIgniter\Router\Router->handle('home/order')
#2 C:\Users\angel\Music\tokomakanan\system\CodeIgniter.php(368): CodeIgniter\CodeIgniter->tryToRouteIt(Object(CodeIgniter\Router\RouteCollection))
#3 C:\Users\angel\Music\tokomakanan\system\CodeIgniter.php(326): CodeIgniter\CodeIgniter->handleRequest(NULL, Object(Config\Cache), false)
#4 C:\Users\angel\Music\tokomakanan\public\index.php(37): CodeIgniter\CodeIgniter->run()
#5 C:\Users\angel\Music\tokomakanan\system\Commands\Server\rewrite.php(43): require_once('C:\\Users\\angel\\...')
#6 {main}
ERROR - 2024-12-02 10:31:16 --> Table 'fast_food.orders' doesn't exist
ERROR - 2024-12-02 10:32:56 --> Table 'fast_food.orders' doesn't exist
ERROR - 2024-12-02 10:34:31 --> Table 'fast_food.orders' doesn't exist
CRITICAL - 2024-12-02 10:38:11 --> Call to a member function library() on null
#0 C:\Users\angel\Music\tokomakanan\system\CodeIgniter.php(832): App\Controllers\Home->upload_bukti()
#1 C:\Users\angel\Music\tokomakanan\system\CodeIgniter.php(419): CodeIgniter\CodeIgniter->runController(Object(App\Controllers\Home))
#2 C:\Users\angel\Music\tokomakanan\system\CodeIgniter.php(326): CodeIgniter\CodeIgniter->handleRequest(NULL, Object(Config\Cache), false)
#3 C:\Users\angel\Music\tokomakanan\public\index.php(37): CodeIgniter\CodeIgniter->run()
#4 C:\Users\angel\Music\tokomakanan\system\Commands\Server\rewrite.php(43): require_once('C:\\Users\\angel\\...')
#5 {main}
CRITICAL - 2024-12-02 10:45:35 --> Call to a member function getRandomName() on null
#0 C:\Users\angel\Music\tokomakanan\system\CodeIgniter.php(832): App\Controllers\Home->upload_bukti()
#1 C:\Users\angel\Music\tokomakanan\system\CodeIgniter.php(419): CodeIgniter\CodeIgniter->runController(Object(App\Controllers\Home))
#2 C:\Users\angel\Music\tokomakanan\system\CodeIgniter.php(326): CodeIgniter\CodeIgniter->handleRequest(NULL, Object(Config\Cache), false)
#3 C:\Users\angel\Music\tokomakanan\public\index.php(37): CodeIgniter\CodeIgniter->run()
#4 C:\Users\angel\Music\tokomakanan\system\Commands\Server\rewrite.php(43): require_once('C:\\Users\\angel\\...')
#5 {main}
CRITICAL - 2024-12-02 10:46:47 --> Call to a member function getRandomName() on null
#0 C:\Users\angel\Music\tokomakanan\system\CodeIgniter.php(832): App\Controllers\Home->upload_bukti()
#1 C:\Users\angel\Music\tokomakanan\system\CodeIgniter.php(419): CodeIgniter\CodeIgniter->runController(Object(App\Controllers\Home))
#2 C:\Users\angel\Music\tokomakanan\system\CodeIgniter.php(326): CodeIgniter\CodeIgniter->handleRequest(NULL, Object(Config\Cache), false)
#3 C:\Users\angel\Music\tokomakanan\public\index.php(37): CodeIgniter\CodeIgniter->run()
#4 C:\Users\angel\Music\tokomakanan\system\Commands\Server\rewrite.php(43): require_once('C:\\Users\\angel\\...')
#5 {main}
CRITICAL - 2024-12-02 10:47:05 --> Call to a member function getRandomName() on null
#0 C:\Users\angel\Music\tokomakanan\system\CodeIgniter.php(832): App\Controllers\Home->upload_bukti()
#1 C:\Users\angel\Music\tokomakanan\system\CodeIgniter.php(419): CodeIgniter\CodeIgniter->runController(Object(App\Controllers\Home))
#2 C:\Users\angel\Music\tokomakanan\system\CodeIgniter.php(326): CodeIgniter\CodeIgniter->handleRequest(NULL, Object(Config\Cache), false)
#3 C:\Users\angel\Music\tokomakanan\public\index.php(37): CodeIgniter\CodeIgniter->run()
#4 C:\Users\angel\Music\tokomakanan\system\Commands\Server\rewrite.php(43): require_once('C:\\Users\\angel\\...')
#5 {main}
CRITICAL - 2024-12-02 10:48:23 --> Call to a member function isValid() on null
#0 C:\Users\angel\Music\tokomakanan\system\CodeIgniter.php(832): App\Controllers\Home->upload_bukti()
#1 C:\Users\angel\Music\tokomakanan\system\CodeIgniter.php(419): CodeIgniter\CodeIgniter->runController(Object(App\Controllers\Home))
#2 C:\Users\angel\Music\tokomakanan\system\CodeIgniter.php(326): CodeIgniter\CodeIgniter->handleRequest(NULL, Object(Config\Cache), false)
#3 C:\Users\angel\Music\tokomakanan\public\index.php(37): CodeIgniter\CodeIgniter->run()
#4 C:\Users\angel\Music\tokomakanan\system\Commands\Server\rewrite.php(43): require_once('C:\\Users\\angel\\...')
#5 {main}
CRITICAL - 2024-12-02 10:52:23 --> Class 'App\Controllers\OrderModel' not found
#0 C:\Users\angel\Music\tokomakanan\system\CodeIgniter.php(832): App\Controllers\Home->upload_bukti()
#1 C:\Users\angel\Music\tokomakanan\system\CodeIgniter.php(419): CodeIgniter\CodeIgniter->runController(Object(App\Controllers\Home))
#2 C:\Users\angel\Music\tokomakanan\system\CodeIgniter.php(326): CodeIgniter\CodeIgniter->handleRequest(NULL, Object(Config\Cache), false)
#3 C:\Users\angel\Music\tokomakanan\public\index.php(37): CodeIgniter\CodeIgniter->run()
#4 C:\Users\angel\Music\tokomakanan\system\Commands\Server\rewrite.php(43): require_once('C:\\Users\\angel\\...')
#5 {main}
CRITICAL - 2024-12-02 10:52:51 --> There is no data to update.
#0 C:\Users\angel\Music\tokomakanan\system\BaseModel.php(846): CodeIgniter\Database\Exceptions\DataException::forEmptyDataset('update')
#1 C:\Users\angel\Music\tokomakanan\system\Model.php(651): CodeIgniter\BaseModel->update(Array, Array)
#2 C:\Users\angel\Music\tokomakanan\app\Controllers\Home.php(712): CodeIgniter\Model->update('693', Array)
#3 C:\Users\angel\Music\tokomakanan\system\CodeIgniter.php(832): App\Controllers\Home->upload_bukti()
#4 C:\Users\angel\Music\tokomakanan\system\CodeIgniter.php(419): CodeIgniter\CodeIgniter->runController(Object(App\Controllers\Home))
#5 C:\Users\angel\Music\tokomakanan\system\CodeIgniter.php(326): CodeIgniter\CodeIgniter->handleRequest(NULL, Object(Config\Cache), false)
#6 C:\Users\angel\Music\tokomakanan\public\index.php(37): CodeIgniter\CodeIgniter->run()
#7 C:\Users\angel\Music\tokomakanan\system\Commands\Server\rewrite.php(43): require_once('C:\\Users\\angel\\...')
#8 {main}
CRITICAL - 2024-12-02 10:54:13 --> Too few arguments to function App\Models\M_belajar::edit(), 2 passed in C:\Users\angel\Music\tokomakanan\app\Controllers\Home.php on line 712 and exactly 3 expected
#0 C:\Users\angel\Music\tokomakanan\app\Controllers\Home.php(712): App\Models\M_belajar->edit('693', Array)
#1 C:\Users\angel\Music\tokomakanan\system\CodeIgniter.php(832): App\Controllers\Home->upload_bukti()
#2 C:\Users\angel\Music\tokomakanan\system\CodeIgniter.php(419): CodeIgniter\CodeIgniter->runController(Object(App\Controllers\Home))
#3 C:\Users\angel\Music\tokomakanan\system\CodeIgniter.php(326): CodeIgniter\CodeIgniter->handleRequest(NULL, Object(Config\Cache), false)
#4 C:\Users\angel\Music\tokomakanan\public\index.php(37): CodeIgniter\CodeIgniter->run()
#5 C:\Users\angel\Music\tokomakanan\system\Commands\Server\rewrite.php(43): require_once('C:\\Users\\angel\\...')
#6 {main}
CRITICAL - 2024-12-02 10:54:26 --> Too few arguments to function App\Models\M_belajar::edit(), 2 passed in C:\Users\angel\Music\tokomakanan\app\Controllers\Home.php on line 712 and exactly 3 expected
#0 C:\Users\angel\Music\tokomakanan\app\Controllers\Home.php(712): App\Models\M_belajar->edit('693', Array)
#1 C:\Users\angel\Music\tokomakanan\system\CodeIgniter.php(832): App\Controllers\Home->upload_bukti()
#2 C:\Users\angel\Music\tokomakanan\system\CodeIgniter.php(419): CodeIgniter\CodeIgniter->runController(Object(App\Controllers\Home))
#3 C:\Users\angel\Music\tokomakanan\system\CodeIgniter.php(326): CodeIgniter\CodeIgniter->handleRequest(NULL, Object(Config\Cache), false)
#4 C:\Users\angel\Music\tokomakanan\public\index.php(37): CodeIgniter\CodeIgniter->run()
#5 C:\Users\angel\Music\tokomakanan\system\Commands\Server\rewrite.php(43): require_once('C:\\Users\\angel\\...')
#6 {main}
ERROR - 2024-12-02 10:55:51 --> Unknown column 'bukti_pembayaran' in 'field list'
ERROR - 2024-12-02 11:04:45 --> Unknown column 'bukti_pembayaran' in 'field list'
ERROR - 2024-12-02 11:05:37 --> Unknown column 'bukti_pembayaran' in 'field list'
ERROR - 2024-12-02 18:19:40 --> Unknown column 'bukti_pembayaran' in 'field list'
ERROR - 2024-12-02 18:30:47 --> Unknown column 'bukti_pembayaran' in 'field list'
CRITICAL - 2024-12-02 18:51:09 --> Call to a member function table() on null
#0 C:\Users\angel\Music\tokomakanan\system\CodeIgniter.php(832): App\Controllers\Home->upload_bukti()
#1 C:\Users\angel\Music\tokomakanan\system\CodeIgniter.php(419): CodeIgniter\CodeIgniter->runController(Object(App\Controllers\Home))
#2 C:\Users\angel\Music\tokomakanan\system\CodeIgniter.php(326): CodeIgniter\CodeIgniter->handleRequest(NULL, Object(Config\Cache), false)
#3 C:\Users\angel\Music\tokomakanan\public\index.php(37): CodeIgniter\CodeIgniter->run()
#4 C:\Users\angel\Music\tokomakanan\system\Commands\Server\rewrite.php(43): require_once('C:\\Users\\angel\\...')
#5 {main}
CRITICAL - 2024-12-02 18:51:32 --> Call to a member function table() on null
#0 C:\Users\angel\Music\tokomakanan\system\CodeIgniter.php(832): App\Controllers\Home->upload_bukti()
#1 C:\Users\angel\Music\tokomakanan\system\CodeIgniter.php(419): CodeIgniter\CodeIgniter->runController(Object(App\Controllers\Home))
#2 C:\Users\angel\Music\tokomakanan\system\CodeIgniter.php(326): CodeIgniter\CodeIgniter->handleRequest(NULL, Object(Config\Cache), false)
#3 C:\Users\angel\Music\tokomakanan\public\index.php(37): CodeIgniter\CodeIgniter->run()
#4 C:\Users\angel\Music\tokomakanan\system\Commands\Server\rewrite.php(43): require_once('C:\\Users\\angel\\...')
#5 {main}
CRITICAL - 2024-12-02 18:51:40 --> Call to a member function table() on null
#0 C:\Users\angel\Music\tokomakanan\system\CodeIgniter.php(832): App\Controllers\Home->upload_bukti()
#1 C:\Users\angel\Music\tokomakanan\system\CodeIgniter.php(419): CodeIgniter\CodeIgniter->runController(Object(App\Controllers\Home))
#2 C:\Users\angel\Music\tokomakanan\system\CodeIgniter.php(326): CodeIgniter\CodeIgniter->handleRequest(NULL, Object(Config\Cache), false)
#3 C:\Users\angel\Music\tokomakanan\public\index.php(37): CodeIgniter\CodeIgniter->run()
#4 C:\Users\angel\Music\tokomakanan\system\Commands\Server\rewrite.php(43): require_once('C:\\Users\\angel\\...')
#5 {main}
CRITICAL - 2024-12-02 18:51:58 --> Call to a member function table() on null
#0 C:\Users\angel\Music\tokomakanan\system\CodeIgniter.php(832): App\Controllers\Home->upload_bukti()
#1 C:\Users\angel\Music\tokomakanan\system\CodeIgniter.php(419): CodeIgniter\CodeIgniter->runController(Object(App\Controllers\Home))
#2 C:\Users\angel\Music\tokomakanan\system\CodeIgniter.php(326): CodeIgniter\CodeIgniter->handleRequest(NULL, Object(Config\Cache), false)
#3 C:\Users\angel\Music\tokomakanan\public\index.php(37): CodeIgniter\CodeIgniter->run()
#4 C:\Users\angel\Music\tokomakanan\system\Commands\Server\rewrite.php(43): require_once('C:\\Users\\angel\\...')
#5 {main}
CRITICAL - 2024-12-02 18:53:29 --> Call to a member function edit() on null
#0 C:\Users\angel\Music\tokomakanan\system\CodeIgniter.php(832): App\Controllers\Home->upload_bukti()
#1 C:\Users\angel\Music\tokomakanan\system\CodeIgniter.php(419): CodeIgniter\CodeIgniter->runController(Object(App\Controllers\Home))
#2 C:\Users\angel\Music\tokomakanan\system\CodeIgniter.php(326): CodeIgniter\CodeIgniter->handleRequest(NULL, Object(Config\Cache), false)
#3 C:\Users\angel\Music\tokomakanan\public\index.php(37): CodeIgniter\CodeIgniter->run()
#4 C:\Users\angel\Music\tokomakanan\system\Commands\Server\rewrite.php(43): require_once('C:\\Users\\angel\\...')
#5 {main}
CRITICAL - 2024-12-02 18:53:41 --> Call to a member function edit() on null
#0 C:\Users\angel\Music\tokomakanan\system\CodeIgniter.php(832): App\Controllers\Home->upload_bukti()
#1 C:\Users\angel\Music\tokomakanan\system\CodeIgniter.php(419): CodeIgniter\CodeIgniter->runController(Object(App\Controllers\Home))
#2 C:\Users\angel\Music\tokomakanan\system\CodeIgniter.php(326): CodeIgniter\CodeIgniter->handleRequest(NULL, Object(Config\Cache), false)
#3 C:\Users\angel\Music\tokomakanan\public\index.php(37): CodeIgniter\CodeIgniter->run()
#4 C:\Users\angel\Music\tokomakanan\system\Commands\Server\rewrite.php(43): require_once('C:\\Users\\angel\\...')
#5 {main}
CRITICAL - 2024-12-02 19:01:05 --> Call to undefined method App\Models\M_belajar::get_where
#0 C:\Users\angel\Music\tokomakanan\app\Controllers\Home.php(722): CodeIgniter\Model->__call('get_where', Array)
#1 C:\Users\angel\Music\tokomakanan\system\CodeIgniter.php(832): App\Controllers\Home->print_nota()
#2 C:\Users\angel\Music\tokomakanan\system\CodeIgniter.php(419): CodeIgniter\CodeIgniter->runController(Object(App\Controllers\Home))
#3 C:\Users\angel\Music\tokomakanan\system\CodeIgniter.php(326): CodeIgniter\CodeIgniter->handleRequest(NULL, Object(Config\Cache), false)
#4 C:\Users\angel\Music\tokomakanan\public\index.php(37): CodeIgniter\CodeIgniter->run()
#5 C:\Users\angel\Music\tokomakanan\system\Commands\Server\rewrite.php(43): require_once('C:\\Users\\angel\\...')
#6 {main}
CRITICAL - 2024-12-02 19:02:19 --> Call to undefined method App\Models\M_belajar::get_where
#0 C:\Users\angel\Music\tokomakanan\app\Controllers\Home.php(722): CodeIgniter\Model->__call('get_where', Array)
#1 C:\Users\angel\Music\tokomakanan\system\CodeIgniter.php(832): App\Controllers\Home->print_nota()
#2 C:\Users\angel\Music\tokomakanan\system\CodeIgniter.php(419): CodeIgniter\CodeIgniter->runController(Object(App\Controllers\Home))
#3 C:\Users\angel\Music\tokomakanan\system\CodeIgniter.php(326): CodeIgniter\CodeIgniter->handleRequest(NULL, Object(Config\Cache), false)
#4 C:\Users\angel\Music\tokomakanan\public\index.php(37): CodeIgniter\CodeIgniter->run()
#5 C:\Users\angel\Music\tokomakanan\system\Commands\Server\rewrite.php(43): require_once('C:\\Users\\angel\\...')
#6 {main}
CRITICAL - 2024-12-02 19:04:04 --> Class 'TCPDF' not found
#0 C:\Users\angel\Music\tokomakanan\system\CodeIgniter.php(832): App\Controllers\Home->print_nota()
#1 C:\Users\angel\Music\tokomakanan\system\CodeIgniter.php(419): CodeIgniter\CodeIgniter->runController(Object(App\Controllers\Home))
#2 C:\Users\angel\Music\tokomakanan\system\CodeIgniter.php(326): CodeIgniter\CodeIgniter->handleRequest(NULL, Object(Config\Cache), false)
#3 C:\Users\angel\Music\tokomakanan\public\index.php(37): CodeIgniter\CodeIgniter->run()
#4 C:\Users\angel\Music\tokomakanan\system\Commands\Server\rewrite.php(43): require_once('C:\\Users\\angel\\...')
#5 {main}
