CRITICAL - 2024-11-27 09:05:36 --> Class 'App\Controllers\OrderModel' not found
#0 C:\Users\angel\Music\tokomakanan\system\CodeIgniter.php(832): App\Controllers\Home->print_nota()
#1 C:\Users\angel\Music\tokomakanan\system\CodeIgniter.php(419): CodeIgniter\CodeIgniter->runController(Object(App\Controllers\Home))
#2 C:\Users\angel\Music\tokomakanan\system\CodeIgniter.php(326): CodeIgniter\CodeIgniter->handleRequest(NULL, Object(Config\Cache), false)
#3 C:\Users\angel\Music\tokomakanan\public\index.php(37): CodeIgniter\CodeIgniter->run()
#4 C:\Users\angel\Music\tokomakanan\system\Commands\Server\rewrite.php(43): require_once('C:\\Users\\angel\\...')
#5 {main}
ERROR - 2024-11-27 09:10:31 --> Unknown column 'id_order' in 'where clause'
CRITICAL - 2024-11-27 09:10:31 --> Call to a member function getFirstRow() on bool
#0 C:\Users\angel\Music\tokomakanan\system\BaseModel.php(622): CodeIgniter\Model->doFirst()
#1 C:\Users\angel\Music\tokomakanan\app\Controllers\Home.php(611): CodeIgniter\BaseModel->first()
#2 C:\Users\angel\Music\tokomakanan\system\CodeIgniter.php(832): App\Controllers\Home->print_nota()
#3 C:\Users\angel\Music\tokomakanan\system\CodeIgniter.php(419): CodeIgniter\CodeIgniter->runController(Object(App\Controllers\Home))
#4 C:\Users\angel\Music\tokomakanan\system\CodeIgniter.php(326): CodeIgniter\CodeIgniter->handleRequest(NULL, Object(Config\Cache), false)
#5 C:\Users\angel\Music\tokomakanan\public\index.php(37): CodeIgniter\CodeIgniter->run()
#6 C:\Users\angel\Music\tokomakanan\system\Commands\Server\rewrite.php(43): require_once('C:\\Users\\angel\\...')
#7 {main}
ERROR - 2024-11-27 18:38:37 --> Unknown column 'id_order' in 'where clause'
CRITICAL - 2024-11-27 18:38:37 --> Call to a member function getFirstRow() on bool
#0 C:\Users\angel\Music\tokomakanan\system\BaseModel.php(622): CodeIgniter\Model->doFirst()
#1 C:\Users\angel\Music\tokomakanan\app\Controllers\Home.php(611): CodeIgniter\BaseModel->first()
#2 C:\Users\angel\Music\tokomakanan\system\CodeIgniter.php(832): App\Controllers\Home->print_nota()
#3 C:\Users\angel\Music\tokomakanan\system\CodeIgniter.php(419): CodeIgniter\CodeIgniter->runController(Object(App\Controllers\Home))
#4 C:\Users\angel\Music\tokomakanan\system\CodeIgniter.php(326): CodeIgniter\CodeIgniter->handleRequest(NULL, Object(Config\Cache), false)
#5 C:\Users\angel\Music\tokomakanan\public\index.php(37): CodeIgniter\CodeIgniter->run()
#6 C:\Users\angel\Music\tokomakanan\system\Commands\Server\rewrite.php(43): require_once('C:\\Users\\angel\\...')
#7 {main}
CRITICAL - 2024-11-27 18:45:44 --> Cannot redeclare App\Models\M_belajar::getOrderById()
#0 [internal function]: CodeIgniter\Debug\Exceptions->shutdownHandler()
#1 {main}
ERROR - 2024-11-27 18:46:06 --> Unknown column 'id_order' in 'where clause'
CRITICAL - 2024-11-27 18:46:06 --> Call to a member function getFirstRow() on bool
#0 C:\Users\angel\Music\tokomakanan\system\BaseModel.php(622): CodeIgniter\Model->doFirst()
#1 C:\Users\angel\Music\tokomakanan\app\Controllers\Home.php(611): CodeIgniter\BaseModel->first()
#2 C:\Users\angel\Music\tokomakanan\system\CodeIgniter.php(832): App\Controllers\Home->print_nota()
#3 C:\Users\angel\Music\tokomakanan\system\CodeIgniter.php(419): CodeIgniter\CodeIgniter->runController(Object(App\Controllers\Home))
#4 C:\Users\angel\Music\tokomakanan\system\CodeIgniter.php(326): CodeIgniter\CodeIgniter->handleRequest(NULL, Object(Config\Cache), false)
#5 C:\Users\angel\Music\tokomakanan\public\index.php(37): CodeIgniter\CodeIgniter->run()
#6 C:\Users\angel\Music\tokomakanan\system\Commands\Server\rewrite.php(43): require_once('C:\\Users\\angel\\...')
#7 {main}
ERROR - 2024-11-27 18:48:26 --> Unknown column 'id_order' in 'where clause'
CRITICAL - 2024-11-27 18:48:26 --> Call to a member function getFirstRow() on bool
#0 C:\Users\angel\Music\tokomakanan\system\BaseModel.php(622): CodeIgniter\Model->doFirst()
#1 C:\Users\angel\Music\tokomakanan\app\Controllers\Home.php(611): CodeIgniter\BaseModel->first()
#2 C:\Users\angel\Music\tokomakanan\system\CodeIgniter.php(832): App\Controllers\Home->print_nota()
#3 C:\Users\angel\Music\tokomakanan\system\CodeIgniter.php(419): CodeIgniter\CodeIgniter->runController(Object(App\Controllers\Home))
#4 C:\Users\angel\Music\tokomakanan\system\CodeIgniter.php(326): CodeIgniter\CodeIgniter->handleRequest(NULL, Object(Config\Cache), false)
#5 C:\Users\angel\Music\tokomakanan\public\index.php(37): CodeIgniter\CodeIgniter->run()
#6 C:\Users\angel\Music\tokomakanan\system\Commands\Server\rewrite.php(43): require_once('C:\\Users\\angel\\...')
#7 {main}
ERROR - 2024-11-27 18:48:48 --> Unknown column 'id_order' in 'where clause'
CRITICAL - 2024-11-27 18:48:48 --> Call to a member function getFirstRow() on bool
#0 C:\Users\angel\Music\tokomakanan\system\BaseModel.php(622): CodeIgniter\Model->doFirst()
#1 C:\Users\angel\Music\tokomakanan\app\Controllers\Home.php(611): CodeIgniter\BaseModel->first()
#2 C:\Users\angel\Music\tokomakanan\system\CodeIgniter.php(832): App\Controllers\Home->print_nota()
#3 C:\Users\angel\Music\tokomakanan\system\CodeIgniter.php(419): CodeIgniter\CodeIgniter->runController(Object(App\Controllers\Home))
#4 C:\Users\angel\Music\tokomakanan\system\CodeIgniter.php(326): CodeIgniter\CodeIgniter->handleRequest(NULL, Object(Config\Cache), false)
#5 C:\Users\angel\Music\tokomakanan\public\index.php(37): CodeIgniter\CodeIgniter->run()
#6 C:\Users\angel\Music\tokomakanan\system\Commands\Server\rewrite.php(43): require_once('C:\\Users\\angel\\...')
#7 {main}
CRITICAL - 2024-11-27 18:53:39 --> Cannot redeclare App\Models\M_belajar::getOrderById()
#0 [internal function]: CodeIgniter\Debug\Exceptions->shutdownHandler()
#1 {main}
ERROR - 2024-11-27 18:55:48 --> Unknown column 'id_order' in 'where clause'
CRITICAL - 2024-11-27 18:55:48 --> Call to a member function getFirstRow() on bool
#0 C:\Users\angel\Music\tokomakanan\system\BaseModel.php(622): CodeIgniter\Model->doFirst()
#1 C:\Users\angel\Music\tokomakanan\app\Controllers\Home.php(611): CodeIgniter\BaseModel->first()
#2 C:\Users\angel\Music\tokomakanan\system\CodeIgniter.php(832): App\Controllers\Home->print_nota()
#3 C:\Users\angel\Music\tokomakanan\system\CodeIgniter.php(419): CodeIgniter\CodeIgniter->runController(Object(App\Controllers\Home))
#4 C:\Users\angel\Music\tokomakanan\system\CodeIgniter.php(326): CodeIgniter\CodeIgniter->handleRequest(NULL, Object(Config\Cache), false)
#5 C:\Users\angel\Music\tokomakanan\public\index.php(37): CodeIgniter\CodeIgniter->run()
#6 C:\Users\angel\Music\tokomakanan\system\Commands\Server\rewrite.php(43): require_once('C:\\Users\\angel\\...')
#7 {main}
ERROR - 2024-11-27 18:56:09 --> Unknown column 'id_order' in 'where clause'
CRITICAL - 2024-11-27 18:56:09 --> Call to a member function getFirstRow() on bool
#0 C:\Users\angel\Music\tokomakanan\system\BaseModel.php(622): CodeIgniter\Model->doFirst()
#1 C:\Users\angel\Music\tokomakanan\app\Controllers\Home.php(611): CodeIgniter\BaseModel->first()
#2 C:\Users\angel\Music\tokomakanan\system\CodeIgniter.php(832): App\Controllers\Home->print_nota()
#3 C:\Users\angel\Music\tokomakanan\system\CodeIgniter.php(419): CodeIgniter\CodeIgniter->runController(Object(App\Controllers\Home))
#4 C:\Users\angel\Music\tokomakanan\system\CodeIgniter.php(326): CodeIgniter\CodeIgniter->handleRequest(NULL, Object(Config\Cache), false)
#5 C:\Users\angel\Music\tokomakanan\public\index.php(37): CodeIgniter\CodeIgniter->run()
#6 C:\Users\angel\Music\tokomakanan\system\Commands\Server\rewrite.php(43): require_once('C:\\Users\\angel\\...')
#7 {main}
ERROR - 2024-11-27 18:56:28 --> Unknown column 'id_order' in 'where clause'
CRITICAL - 2024-11-27 18:56:28 --> Call to a member function getFirstRow() on bool
#0 C:\Users\angel\Music\tokomakanan\system\BaseModel.php(622): CodeIgniter\Model->doFirst()
#1 C:\Users\angel\Music\tokomakanan\app\Controllers\Home.php(611): CodeIgniter\BaseModel->first()
#2 C:\Users\angel\Music\tokomakanan\system\CodeIgniter.php(832): App\Controllers\Home->print_nota()
#3 C:\Users\angel\Music\tokomakanan\system\CodeIgniter.php(419): CodeIgniter\CodeIgniter->runController(Object(App\Controllers\Home))
#4 C:\Users\angel\Music\tokomakanan\system\CodeIgniter.php(326): CodeIgniter\CodeIgniter->handleRequest(NULL, Object(Config\Cache), false)
#5 C:\Users\angel\Music\tokomakanan\public\index.php(37): CodeIgniter\CodeIgniter->run()
#6 C:\Users\angel\Music\tokomakanan\system\Commands\Server\rewrite.php(43): require_once('C:\\Users\\angel\\...')
#7 {main}
CRITICAL - 2024-11-27 18:56:39 --> Cannot redeclare App\Models\M_belajar::getOrderById()
#0 [internal function]: CodeIgniter\Debug\Exceptions->shutdownHandler()
#1 {main}
CRITICAL - 2024-11-27 19:03:04 --> Argument 2 passed to view() must be of the type array, null given, called in C:\Users\angel\Music\tokomakanan\app\Controllers\Home.php on line 70
#0 C:\Users\angel\Music\tokomakanan\app\Controllers\Home.php(70): view('cetak_nota', NULL)
#1 C:\Users\angel\Music\tokomakanan\system\CodeIgniter.php(832): App\Controllers\Home->cetak_nota()
#2 C:\Users\angel\Music\tokomakanan\system\CodeIgniter.php(419): CodeIgniter\CodeIgniter->runController(Object(App\Controllers\Home))
#3 C:\Users\angel\Music\tokomakanan\system\CodeIgniter.php(326): CodeIgniter\CodeIgniter->handleRequest(NULL, Object(Config\Cache), false)
#4 C:\Users\angel\Music\tokomakanan\public\index.php(37): CodeIgniter\CodeIgniter->run()
#5 C:\Users\angel\Music\tokomakanan\system\Commands\Server\rewrite.php(43): require_once('C:\\Users\\angel\\...')
#6 {main}
CRITICAL - 2024-11-27 19:03:49 --> Cannot redeclare App\Models\M_belajar::getOrderById()
#0 [internal function]: CodeIgniter\Debug\Exceptions->shutdownHandler()
#1 {main}
ERROR - 2024-11-27 19:04:18 --> Unknown column 'id_order' in 'where clause'
CRITICAL - 2024-11-27 19:04:18 --> Call to a member function getFirstRow() on bool
#0 C:\Users\angel\Music\tokomakanan\system\BaseModel.php(622): CodeIgniter\Model->doFirst()
#1 C:\Users\angel\Music\tokomakanan\app\Controllers\Home.php(620): CodeIgniter\BaseModel->first()
#2 C:\Users\angel\Music\tokomakanan\system\CodeIgniter.php(832): App\Controllers\Home->print_nota()
#3 C:\Users\angel\Music\tokomakanan\system\CodeIgniter.php(419): CodeIgniter\CodeIgniter->runController(Object(App\Controllers\Home))
#4 C:\Users\angel\Music\tokomakanan\system\CodeIgniter.php(326): CodeIgniter\CodeIgniter->handleRequest(NULL, Object(Config\Cache), false)
#5 C:\Users\angel\Music\tokomakanan\public\index.php(37): CodeIgniter\CodeIgniter->run()
#6 C:\Users\angel\Music\tokomakanan\system\Commands\Server\rewrite.php(43): require_once('C:\\Users\\angel\\...')
#7 {main}
ERROR - 2024-11-27 19:04:29 --> Unknown column 'id_order' in 'where clause'
CRITICAL - 2024-11-27 19:04:29 --> Call to a member function getFirstRow() on bool
#0 C:\Users\angel\Music\tokomakanan\system\BaseModel.php(622): CodeIgniter\Model->doFirst()
#1 C:\Users\angel\Music\tokomakanan\app\Controllers\Home.php(620): CodeIgniter\BaseModel->first()
#2 C:\Users\angel\Music\tokomakanan\system\CodeIgniter.php(832): App\Controllers\Home->print_nota()
#3 C:\Users\angel\Music\tokomakanan\system\CodeIgniter.php(419): CodeIgniter\CodeIgniter->runController(Object(App\Controllers\Home))
#4 C:\Users\angel\Music\tokomakanan\system\CodeIgniter.php(326): CodeIgniter\CodeIgniter->handleRequest(NULL, Object(Config\Cache), false)
#5 C:\Users\angel\Music\tokomakanan\public\index.php(37): CodeIgniter\CodeIgniter->run()
#6 C:\Users\angel\Music\tokomakanan\system\Commands\Server\rewrite.php(43): require_once('C:\\Users\\angel\\...')
#7 {main}
ERROR - 2024-11-27 19:04:44 --> Unknown column 'id_order' in 'where clause'
CRITICAL - 2024-11-27 19:04:44 --> Call to a member function getFirstRow() on bool
#0 C:\Users\angel\Music\tokomakanan\system\BaseModel.php(622): CodeIgniter\Model->doFirst()
#1 C:\Users\angel\Music\tokomakanan\app\Controllers\Home.php(620): CodeIgniter\BaseModel->first()
#2 C:\Users\angel\Music\tokomakanan\system\CodeIgniter.php(832): App\Controllers\Home->print_nota()
#3 C:\Users\angel\Music\tokomakanan\system\CodeIgniter.php(419): CodeIgniter\CodeIgniter->runController(Object(App\Controllers\Home))
#4 C:\Users\angel\Music\tokomakanan\system\CodeIgniter.php(326): CodeIgniter\CodeIgniter->handleRequest(NULL, Object(Config\Cache), false)
#5 C:\Users\angel\Music\tokomakanan\public\index.php(37): CodeIgniter\CodeIgniter->run()
#6 C:\Users\angel\Music\tokomakanan\system\Commands\Server\rewrite.php(43): require_once('C:\\Users\\angel\\...')
#7 {main}
ERROR - 2024-11-27 19:19:46 --> Error connecting to the database: No connection could be made because the target machine actively refused it.

CRITICAL - 2024-11-27 19:19:46 --> Unable to connect to the database.
Main connection [MySQLi]: No connection could be made because the target machine actively refused it.

#0 C:\Users\angel\Music\tokomakanan\system\Database\BaseConnection.php(577): CodeIgniter\Database\BaseConnection->initialize()
#1 C:\Users\angel\Music\tokomakanan\system\Database\BaseBuilder.php(1455): CodeIgniter\Database\BaseConnection->query('SELECT *\nFROM `...', Array, false)
#2 C:\Users\angel\Music\tokomakanan\system\Model.php(183): CodeIgniter\Database\BaseBuilder->get()
#3 C:\Users\angel\Music\tokomakanan\system\BaseModel.php(584): CodeIgniter\Model->doFindAll(0, 0)
#4 C:\Users\angel\Music\tokomakanan\app\Models\M_belajar.php(69): CodeIgniter\BaseModel->findAll()
#5 C:\Users\angel\Music\tokomakanan\app\Controllers\Home.php(59): App\Models\M_belajar->getMenuItems()
#6 C:\Users\angel\Music\tokomakanan\system\CodeIgniter.php(832): App\Controllers\Home->dashboard()
#7 C:\Users\angel\Music\tokomakanan\system\CodeIgniter.php(419): CodeIgniter\CodeIgniter->runController(Object(App\Controllers\Home))
#8 C:\Users\angel\Music\tokomakanan\system\CodeIgniter.php(326): CodeIgniter\CodeIgniter->handleRequest(NULL, Object(Config\Cache), false)
#9 C:\Users\angel\Music\tokomakanan\public\index.php(37): CodeIgniter\CodeIgniter->run()
#10 C:\Users\angel\Music\tokomakanan\system\Commands\Server\rewrite.php(43): require_once('C:\\Users\\angel\\...')
#11 {main}
ERROR - 2024-11-27 19:19:52 --> Error connecting to the database: No connection could be made because the target machine actively refused it.

CRITICAL - 2024-11-27 19:19:52 --> Unable to connect to the database.
Main connection [MySQLi]: No connection could be made because the target machine actively refused it.

#0 C:\Users\angel\Music\tokomakanan\system\Database\BaseConnection.php(577): CodeIgniter\Database\BaseConnection->initialize()
#1 C:\Users\angel\Music\tokomakanan\system\Database\BaseBuilder.php(1455): CodeIgniter\Database\BaseConnection->query('SELECT *\nFROM `...', Array, false)
#2 C:\Users\angel\Music\tokomakanan\system\Model.php(183): CodeIgniter\Database\BaseBuilder->get()
#3 C:\Users\angel\Music\tokomakanan\system\BaseModel.php(584): CodeIgniter\Model->doFindAll(0, 0)
#4 C:\Users\angel\Music\tokomakanan\app\Models\M_belajar.php(69): CodeIgniter\BaseModel->findAll()
#5 C:\Users\angel\Music\tokomakanan\app\Controllers\Home.php(59): App\Models\M_belajar->getMenuItems()
#6 C:\Users\angel\Music\tokomakanan\system\CodeIgniter.php(832): App\Controllers\Home->dashboard()
#7 C:\Users\angel\Music\tokomakanan\system\CodeIgniter.php(419): CodeIgniter\CodeIgniter->runController(Object(App\Controllers\Home))
#8 C:\Users\angel\Music\tokomakanan\system\CodeIgniter.php(326): CodeIgniter\CodeIgniter->handleRequest(NULL, Object(Config\Cache), false)
#9 C:\Users\angel\Music\tokomakanan\public\index.php(37): CodeIgniter\CodeIgniter->run()
#10 C:\Users\angel\Music\tokomakanan\system\Commands\Server\rewrite.php(43): require_once('C:\\Users\\angel\\...')
#11 {main}
CRITICAL - 2024-11-27 19:42:56 --> Call to a member function post() on null
#0 C:\Users\angel\Music\tokomakanan\system\CodeIgniter.php(832): App\Controllers\Home->konfirmasiPesanan()
#1 C:\Users\angel\Music\tokomakanan\system\CodeIgniter.php(419): CodeIgniter\CodeIgniter->runController(Object(App\Controllers\Home))
#2 C:\Users\angel\Music\tokomakanan\system\CodeIgniter.php(326): CodeIgniter\CodeIgniter->handleRequest(NULL, Object(Config\Cache), false)
#3 C:\Users\angel\Music\tokomakanan\public\index.php(37): CodeIgniter\CodeIgniter->run()
#4 C:\Users\angel\Music\tokomakanan\system\Commands\Server\rewrite.php(43): require_once('C:\\Users\\angel\\...')
#5 {main}
CRITICAL - 2024-11-27 19:54:16 --> number_format() expects parameter 1 to be float, string given
#0 [internal function]: CodeIgniter\Debug\Exceptions->errorHandler(2, 'number_format()...', 'C:\\Users\\angel\\...', 35, Array)
#1 C:\Users\angel\Music\tokomakanan\app\Views\dashboard.php(35): number_format('', 0, ',', '.')
#2 C:\Users\angel\Music\tokomakanan\system\View\View.php(210): include('C:\\Users\\angel\\...')
#3 C:\Users\angel\Music\tokomakanan\system\View\View.php(213): CodeIgniter\View\View->CodeIgniter\View\{closure}()
#4 C:\Users\angel\Music\tokomakanan\system\Common.php(1089): CodeIgniter\View\View->render('dashboard', Array, true)
#5 C:\Users\angel\Music\tokomakanan\app\Controllers\Home.php(62): view('dashboard', Array)
#6 C:\Users\angel\Music\tokomakanan\system\CodeIgniter.php(832): App\Controllers\Home->dashboard()
#7 C:\Users\angel\Music\tokomakanan\system\CodeIgniter.php(419): CodeIgniter\CodeIgniter->runController(Object(App\Controllers\Home))
#8 C:\Users\angel\Music\tokomakanan\system\CodeIgniter.php(326): CodeIgniter\CodeIgniter->handleRequest(NULL, Object(Config\Cache), false)
#9 C:\Users\angel\Music\tokomakanan\public\index.php(37): CodeIgniter\CodeIgniter->run()
#10 C:\Users\angel\Music\tokomakanan\system\Commands\Server\rewrite.php(43): require_once('C:\\Users\\angel\\...')
#11 {main}
CRITICAL - 2024-11-27 19:54:21 --> number_format() expects parameter 1 to be float, string given
#0 [internal function]: CodeIgniter\Debug\Exceptions->errorHandler(2, 'number_format()...', 'C:\\Users\\angel\\...', 35, Array)
#1 C:\Users\angel\Music\tokomakanan\app\Views\dashboard.php(35): number_format('', 0, ',', '.')
#2 C:\Users\angel\Music\tokomakanan\system\View\View.php(210): include('C:\\Users\\angel\\...')
#3 C:\Users\angel\Music\tokomakanan\system\View\View.php(213): CodeIgniter\View\View->CodeIgniter\View\{closure}()
#4 C:\Users\angel\Music\tokomakanan\system\Common.php(1089): CodeIgniter\View\View->render('dashboard', Array, true)
#5 C:\Users\angel\Music\tokomakanan\app\Controllers\Home.php(62): view('dashboard', Array)
#6 C:\Users\angel\Music\tokomakanan\system\CodeIgniter.php(832): App\Controllers\Home->dashboard()
#7 C:\Users\angel\Music\tokomakanan\system\CodeIgniter.php(419): CodeIgniter\CodeIgniter->runController(Object(App\Controllers\Home))
#8 C:\Users\angel\Music\tokomakanan\system\CodeIgniter.php(326): CodeIgniter\CodeIgniter->handleRequest(NULL, Object(Config\Cache), false)
#9 C:\Users\angel\Music\tokomakanan\public\index.php(37): CodeIgniter\CodeIgniter->run()
#10 C:\Users\angel\Music\tokomakanan\system\Commands\Server\rewrite.php(43): require_once('C:\\Users\\angel\\...')
#11 {main}
