ERROR - 2024-11-06 00:02:04 --> Error connecting to the database: Access denied for user ''@'localhost' (using password: NO)
CRITICAL - 2024-11-06 00:02:04 --> Unable to connect to the database.
Main connection [MySQLi]: Access denied for user ''@'localhost' (using password: NO)
#0 C:\Users\angel\Music\tokomakanan\system\Database\BaseConnection.php(577): CodeIgniter\Database\BaseConnection->initialize()
#1 C:\Users\angel\Music\tokomakanan\system\Database\BaseBuilder.php(1455): CodeIgniter\Database\BaseConnection->query('SELECT *\nFROM `...', Array, false)
#2 C:\Users\angel\Music\tokomakanan\app\Models\M_belajar.php(10): CodeIgniter\Database\BaseBuilder->get()
#3 C:\Users\angel\Music\tokomakanan\app\Controllers\Home.php(17): App\Models\M_belajar->tampil('costumer')
#4 C:\Users\angel\Music\tokomakanan\system\CodeIgniter.php(832): App\Controllers\Home->costumer()
#5 C:\Users\angel\Music\tokomakanan\system\CodeIgniter.php(419): CodeIgniter\CodeIgniter->runController(Object(App\Controllers\Home))
#6 C:\Users\angel\Music\tokomakanan\system\CodeIgniter.php(326): CodeIgniter\CodeIgniter->handleRequest(NULL, Object(Config\Cache), false)
#7 C:\Users\angel\Music\tokomakanan\public\index.php(37): CodeIgniter\CodeIgniter->run()
#8 C:\Users\angel\Music\tokomakanan\system\Commands\Server\rewrite.php(43): require_once('C:\\Users\\angel\\...')
#9 {main}
ERROR - 2024-11-06 00:06:37 --> Error connecting to the database: Access denied for user ''@'localhost' (using password: NO)
CRITICAL - 2024-11-06 00:06:37 --> Unable to connect to the database.
Main connection [MySQLi]: Access denied for user ''@'localhost' (using password: NO)
#0 C:\Users\angel\Music\tokomakanan\system\Database\BaseConnection.php(577): CodeIgniter\Database\BaseConnection->initialize()
#1 C:\Users\angel\Music\tokomakanan\system\Database\BaseBuilder.php(1455): CodeIgniter\Database\BaseConnection->query('SELECT *\nFROM `...', Array, false)
#2 C:\Users\angel\Music\tokomakanan\app\Models\M_belajar.php(10): CodeIgniter\Database\BaseBuilder->get()
#3 C:\Users\angel\Music\tokomakanan\app\Controllers\Home.php(17): App\Models\M_belajar->tampil('costumer')
#4 C:\Users\angel\Music\tokomakanan\system\CodeIgniter.php(832): App\Controllers\Home->costumer()
#5 C:\Users\angel\Music\tokomakanan\system\CodeIgniter.php(419): CodeIgniter\CodeIgniter->runController(Object(App\Controllers\Home))
#6 C:\Users\angel\Music\tokomakanan\system\CodeIgniter.php(326): CodeIgniter\CodeIgniter->handleRequest(NULL, Object(Config\Cache), false)
#7 C:\Users\angel\Music\tokomakanan\public\index.php(37): CodeIgniter\CodeIgniter->run()
#8 C:\Users\angel\Music\tokomakanan\system\Commands\Server\rewrite.php(43): require_once('C:\\Users\\angel\\...')
#9 {main}
ERROR - 2024-11-06 00:12:08 --> Error connecting to the database: Access denied for user ''@'localhost' (using password: NO)
CRITICAL - 2024-11-06 00:12:08 --> Unable to connect to the database.
Main connection [MySQLi]: Access denied for user ''@'localhost' (using password: NO)
#0 C:\Users\angel\Music\tokomakanan\system\Database\BaseConnection.php(577): CodeIgniter\Database\BaseConnection->initialize()
#1 C:\Users\angel\Music\tokomakanan\system\Database\BaseBuilder.php(1455): CodeIgniter\Database\BaseConnection->query('SELECT *\nFROM `...', Array, false)
#2 C:\Users\angel\Music\tokomakanan\app\Models\M_belajar.php(10): CodeIgniter\Database\BaseBuilder->get()
#3 C:\Users\angel\Music\tokomakanan\app\Controllers\Home.php(17): App\Models\M_belajar->tampil('costumer')
#4 C:\Users\angel\Music\tokomakanan\system\CodeIgniter.php(832): App\Controllers\Home->costumer()
#5 C:\Users\angel\Music\tokomakanan\system\CodeIgniter.php(419): CodeIgniter\CodeIgniter->runController(Object(App\Controllers\Home))
#6 C:\Users\angel\Music\tokomakanan\system\CodeIgniter.php(326): CodeIgniter\CodeIgniter->handleRequest(NULL, Object(Config\Cache), false)
#7 C:\Users\angel\Music\tokomakanan\public\index.php(37): CodeIgniter\CodeIgniter->run()
#8 C:\Users\angel\Music\tokomakanan\system\Commands\Server\rewrite.php(43): require_once('C:\\Users\\angel\\...')
#9 {main}
ERROR - 2024-11-06 00:12:10 --> Error connecting to the database: Access denied for user ''@'localhost' (using password: NO)
CRITICAL - 2024-11-06 00:12:10 --> Unable to connect to the database.
Main connection [MySQLi]: Access denied for user ''@'localhost' (using password: NO)
#0 C:\Users\angel\Music\tokomakanan\system\Database\BaseConnection.php(577): CodeIgniter\Database\BaseConnection->initialize()
#1 C:\Users\angel\Music\tokomakanan\system\Database\BaseBuilder.php(1455): CodeIgniter\Database\BaseConnection->query('SELECT *\nFROM `...', Array, false)
#2 C:\Users\angel\Music\tokomakanan\app\Models\M_belajar.php(10): CodeIgniter\Database\BaseBuilder->get()
#3 C:\Users\angel\Music\tokomakanan\app\Controllers\Home.php(17): App\Models\M_belajar->tampil('costumer')
#4 C:\Users\angel\Music\tokomakanan\system\CodeIgniter.php(832): App\Controllers\Home->costumer()
#5 C:\Users\angel\Music\tokomakanan\system\CodeIgniter.php(419): CodeIgniter\CodeIgniter->runController(Object(App\Controllers\Home))
#6 C:\Users\angel\Music\tokomakanan\system\CodeIgniter.php(326): CodeIgniter\CodeIgniter->handleRequest(NULL, Object(Config\Cache), false)
#7 C:\Users\angel\Music\tokomakanan\public\index.php(37): CodeIgniter\CodeIgniter->run()
#8 C:\Users\angel\Music\tokomakanan\system\Commands\Server\rewrite.php(43): require_once('C:\\Users\\angel\\...')
#9 {main}
ERROR - 2024-11-06 00:12:10 --> Error connecting to the database: Access denied for user ''@'localhost' (using password: NO)
CRITICAL - 2024-11-06 00:12:10 --> Unable to connect to the database.
Main connection [MySQLi]: Access denied for user ''@'localhost' (using password: NO)
#0 C:\Users\angel\Music\tokomakanan\system\Database\BaseConnection.php(577): CodeIgniter\Database\BaseConnection->initialize()
#1 C:\Users\angel\Music\tokomakanan\system\Database\BaseBuilder.php(1455): CodeIgniter\Database\BaseConnection->query('SELECT *\nFROM `...', Array, false)
#2 C:\Users\angel\Music\tokomakanan\app\Models\M_belajar.php(10): CodeIgniter\Database\BaseBuilder->get()
#3 C:\Users\angel\Music\tokomakanan\app\Controllers\Home.php(17): App\Models\M_belajar->tampil('costumer')
#4 C:\Users\angel\Music\tokomakanan\system\CodeIgniter.php(832): App\Controllers\Home->costumer()
#5 C:\Users\angel\Music\tokomakanan\system\CodeIgniter.php(419): CodeIgniter\CodeIgniter->runController(Object(App\Controllers\Home))
#6 C:\Users\angel\Music\tokomakanan\system\CodeIgniter.php(326): CodeIgniter\CodeIgniter->handleRequest(NULL, Object(Config\Cache), false)
#7 C:\Users\angel\Music\tokomakanan\public\index.php(37): CodeIgniter\CodeIgniter->run()
#8 C:\Users\angel\Music\tokomakanan\system\Commands\Server\rewrite.php(43): require_once('C:\\Users\\angel\\...')
#9 {main}
ERROR - 2024-11-06 00:12:10 --> Error connecting to the database: Access denied for user ''@'localhost' (using password: NO)
CRITICAL - 2024-11-06 00:12:10 --> Unable to connect to the database.
Main connection [MySQLi]: Access denied for user ''@'localhost' (using password: NO)
#0 C:\Users\angel\Music\tokomakanan\system\Database\BaseConnection.php(577): CodeIgniter\Database\BaseConnection->initialize()
#1 C:\Users\angel\Music\tokomakanan\system\Database\BaseBuilder.php(1455): CodeIgniter\Database\BaseConnection->query('SELECT *\nFROM `...', Array, false)
#2 C:\Users\angel\Music\tokomakanan\app\Models\M_belajar.php(10): CodeIgniter\Database\BaseBuilder->get()
#3 C:\Users\angel\Music\tokomakanan\app\Controllers\Home.php(17): App\Models\M_belajar->tampil('costumer')
#4 C:\Users\angel\Music\tokomakanan\system\CodeIgniter.php(832): App\Controllers\Home->costumer()
#5 C:\Users\angel\Music\tokomakanan\system\CodeIgniter.php(419): CodeIgniter\CodeIgniter->runController(Object(App\Controllers\Home))
#6 C:\Users\angel\Music\tokomakanan\system\CodeIgniter.php(326): CodeIgniter\CodeIgniter->handleRequest(NULL, Object(Config\Cache), false)
#7 C:\Users\angel\Music\tokomakanan\public\index.php(37): CodeIgniter\CodeIgniter->run()
#8 C:\Users\angel\Music\tokomakanan\system\Commands\Server\rewrite.php(43): require_once('C:\\Users\\angel\\...')
#9 {main}
ERROR - 2024-11-06 00:12:11 --> Error connecting to the database: Access denied for user ''@'localhost' (using password: NO)
CRITICAL - 2024-11-06 00:12:11 --> Unable to connect to the database.
Main connection [MySQLi]: Access denied for user ''@'localhost' (using password: NO)
#0 C:\Users\angel\Music\tokomakanan\system\Database\BaseConnection.php(577): CodeIgniter\Database\BaseConnection->initialize()
#1 C:\Users\angel\Music\tokomakanan\system\Database\BaseBuilder.php(1455): CodeIgniter\Database\BaseConnection->query('SELECT *\nFROM `...', Array, false)
#2 C:\Users\angel\Music\tokomakanan\app\Models\M_belajar.php(10): CodeIgniter\Database\BaseBuilder->get()
#3 C:\Users\angel\Music\tokomakanan\app\Controllers\Home.php(17): App\Models\M_belajar->tampil('costumer')
#4 C:\Users\angel\Music\tokomakanan\system\CodeIgniter.php(832): App\Controllers\Home->costumer()
#5 C:\Users\angel\Music\tokomakanan\system\CodeIgniter.php(419): CodeIgniter\CodeIgniter->runController(Object(App\Controllers\Home))
#6 C:\Users\angel\Music\tokomakanan\system\CodeIgniter.php(326): CodeIgniter\CodeIgniter->handleRequest(NULL, Object(Config\Cache), false)
#7 C:\Users\angel\Music\tokomakanan\public\index.php(37): CodeIgniter\CodeIgniter->run()
#8 C:\Users\angel\Music\tokomakanan\system\Commands\Server\rewrite.php(43): require_once('C:\\Users\\angel\\...')
#9 {main}
ERROR - 2024-11-06 00:12:11 --> Error connecting to the database: Access denied for user ''@'localhost' (using password: NO)
CRITICAL - 2024-11-06 00:12:11 --> Unable to connect to the database.
Main connection [MySQLi]: Access denied for user ''@'localhost' (using password: NO)
#0 C:\Users\angel\Music\tokomakanan\system\Database\BaseConnection.php(577): CodeIgniter\Database\BaseConnection->initialize()
#1 C:\Users\angel\Music\tokomakanan\system\Database\BaseBuilder.php(1455): CodeIgniter\Database\BaseConnection->query('SELECT *\nFROM `...', Array, false)
#2 C:\Users\angel\Music\tokomakanan\app\Models\M_belajar.php(10): CodeIgniter\Database\BaseBuilder->get()
#3 C:\Users\angel\Music\tokomakanan\app\Controllers\Home.php(17): App\Models\M_belajar->tampil('costumer')
#4 C:\Users\angel\Music\tokomakanan\system\CodeIgniter.php(832): App\Controllers\Home->costumer()
#5 C:\Users\angel\Music\tokomakanan\system\CodeIgniter.php(419): CodeIgniter\CodeIgniter->runController(Object(App\Controllers\Home))
#6 C:\Users\angel\Music\tokomakanan\system\CodeIgniter.php(326): CodeIgniter\CodeIgniter->handleRequest(NULL, Object(Config\Cache), false)
#7 C:\Users\angel\Music\tokomakanan\public\index.php(37): CodeIgniter\CodeIgniter->run()
#8 C:\Users\angel\Music\tokomakanan\system\Commands\Server\rewrite.php(43): require_once('C:\\Users\\angel\\...')
#9 {main}
ERROR - 2024-11-06 00:12:11 --> Error connecting to the database: Access denied for user ''@'localhost' (using password: NO)
CRITICAL - 2024-11-06 00:12:11 --> Unable to connect to the database.
Main connection [MySQLi]: Access denied for user ''@'localhost' (using password: NO)
#0 C:\Users\angel\Music\tokomakanan\system\Database\BaseConnection.php(577): CodeIgniter\Database\BaseConnection->initialize()
#1 C:\Users\angel\Music\tokomakanan\system\Database\BaseBuilder.php(1455): CodeIgniter\Database\BaseConnection->query('SELECT *\nFROM `...', Array, false)
#2 C:\Users\angel\Music\tokomakanan\app\Models\M_belajar.php(10): CodeIgniter\Database\BaseBuilder->get()
#3 C:\Users\angel\Music\tokomakanan\app\Controllers\Home.php(17): App\Models\M_belajar->tampil('costumer')
#4 C:\Users\angel\Music\tokomakanan\system\CodeIgniter.php(832): App\Controllers\Home->costumer()
#5 C:\Users\angel\Music\tokomakanan\system\CodeIgniter.php(419): CodeIgniter\CodeIgniter->runController(Object(App\Controllers\Home))
#6 C:\Users\angel\Music\tokomakanan\system\CodeIgniter.php(326): CodeIgniter\CodeIgniter->handleRequest(NULL, Object(Config\Cache), false)
#7 C:\Users\angel\Music\tokomakanan\public\index.php(37): CodeIgniter\CodeIgniter->run()
#8 C:\Users\angel\Music\tokomakanan\system\Commands\Server\rewrite.php(43): require_once('C:\\Users\\angel\\...')
#9 {main}
ERROR - 2024-11-06 00:12:11 --> Error connecting to the database: Access denied for user ''@'localhost' (using password: NO)
CRITICAL - 2024-11-06 00:12:11 --> Unable to connect to the database.
Main connection [MySQLi]: Access denied for user ''@'localhost' (using password: NO)
#0 C:\Users\angel\Music\tokomakanan\system\Database\BaseConnection.php(577): CodeIgniter\Database\BaseConnection->initialize()
#1 C:\Users\angel\Music\tokomakanan\system\Database\BaseBuilder.php(1455): CodeIgniter\Database\BaseConnection->query('SELECT *\nFROM `...', Array, false)
#2 C:\Users\angel\Music\tokomakanan\app\Models\M_belajar.php(10): CodeIgniter\Database\BaseBuilder->get()
#3 C:\Users\angel\Music\tokomakanan\app\Controllers\Home.php(17): App\Models\M_belajar->tampil('costumer')
#4 C:\Users\angel\Music\tokomakanan\system\CodeIgniter.php(832): App\Controllers\Home->costumer()
#5 C:\Users\angel\Music\tokomakanan\system\CodeIgniter.php(419): CodeIgniter\CodeIgniter->runController(Object(App\Controllers\Home))
#6 C:\Users\angel\Music\tokomakanan\system\CodeIgniter.php(326): CodeIgniter\CodeIgniter->handleRequest(NULL, Object(Config\Cache), false)
#7 C:\Users\angel\Music\tokomakanan\public\index.php(37): CodeIgniter\CodeIgniter->run()
#8 C:\Users\angel\Music\tokomakanan\system\Commands\Server\rewrite.php(43): require_once('C:\\Users\\angel\\...')
#9 {main}
ERROR - 2024-11-06 00:12:12 --> Error connecting to the database: Access denied for user ''@'localhost' (using password: NO)
CRITICAL - 2024-11-06 00:12:12 --> Unable to connect to the database.
Main connection [MySQLi]: Access denied for user ''@'localhost' (using password: NO)
#0 C:\Users\angel\Music\tokomakanan\system\Database\BaseConnection.php(577): CodeIgniter\Database\BaseConnection->initialize()
#1 C:\Users\angel\Music\tokomakanan\system\Database\BaseBuilder.php(1455): CodeIgniter\Database\BaseConnection->query('SELECT *\nFROM `...', Array, false)
#2 C:\Users\angel\Music\tokomakanan\app\Models\M_belajar.php(10): CodeIgniter\Database\BaseBuilder->get()
#3 C:\Users\angel\Music\tokomakanan\app\Controllers\Home.php(17): App\Models\M_belajar->tampil('costumer')
#4 C:\Users\angel\Music\tokomakanan\system\CodeIgniter.php(832): App\Controllers\Home->costumer()
#5 C:\Users\angel\Music\tokomakanan\system\CodeIgniter.php(419): CodeIgniter\CodeIgniter->runController(Object(App\Controllers\Home))
#6 C:\Users\angel\Music\tokomakanan\system\CodeIgniter.php(326): CodeIgniter\CodeIgniter->handleRequest(NULL, Object(Config\Cache), false)
#7 C:\Users\angel\Music\tokomakanan\public\index.php(37): CodeIgniter\CodeIgniter->run()
#8 C:\Users\angel\Music\tokomakanan\system\Commands\Server\rewrite.php(43): require_once('C:\\Users\\angel\\...')
#9 {main}
CRITICAL - 2024-11-06 06:05:02 --> You must set the database table to be used with your query.
#0 C:\Users\angel\Music\tokomakanan\system\Model.php(545): CodeIgniter\Database\BaseConnection->table(NULL)
#1 C:\Users\angel\Music\tokomakanan\system\Model.php(722): CodeIgniter\Model->builder()
#2 C:\Users\angel\Music\tokomakanan\app\Controllers\Home.php(71): CodeIgniter\Model->__call('join', Array)
#3 C:\Users\angel\Music\tokomakanan\system\CodeIgniter.php(832): App\Controllers\Home->kry()
#4 C:\Users\angel\Music\tokomakanan\system\CodeIgniter.php(419): CodeIgniter\CodeIgniter->runController(Object(App\Controllers\Home))
#5 C:\Users\angel\Music\tokomakanan\system\CodeIgniter.php(326): CodeIgniter\CodeIgniter->handleRequest(NULL, Object(Config\Cache), false)
#6 C:\Users\angel\Music\tokomakanan\public\index.php(37): CodeIgniter\CodeIgniter->run()
#7 C:\Users\angel\Music\tokomakanan\system\Commands\Server\rewrite.php(43): require_once('C:\\Users\\angel\\...')
#8 {main}
CRITICAL - 2024-11-06 06:05:03 --> You must set the database table to be used with your query.
#0 C:\Users\angel\Music\tokomakanan\system\Model.php(545): CodeIgniter\Database\BaseConnection->table(NULL)
#1 C:\Users\angel\Music\tokomakanan\system\Model.php(722): CodeIgniter\Model->builder()
#2 C:\Users\angel\Music\tokomakanan\app\Controllers\Home.php(27): CodeIgniter\Model->__call('join', Array)
#3 C:\Users\angel\Music\tokomakanan\system\CodeIgniter.php(832): App\Controllers\Home->karyawan()
#4 C:\Users\angel\Music\tokomakanan\system\CodeIgniter.php(419): CodeIgniter\CodeIgniter->runController(Object(App\Controllers\Home))
#5 C:\Users\angel\Music\tokomakanan\system\CodeIgniter.php(326): CodeIgniter\CodeIgniter->handleRequest(NULL, Object(Config\Cache), false)
#6 C:\Users\angel\Music\tokomakanan\public\index.php(37): CodeIgniter\CodeIgniter->run()
#7 C:\Users\angel\Music\tokomakanan\system\Commands\Server\rewrite.php(43): require_once('C:\\Users\\angel\\...')
#8 {main}
CRITICAL - 2024-11-06 06:10:22 --> Call to a member function tampil() on null
#0 C:\Users\angel\Music\tokomakanan\system\CodeIgniter.php(832): App\Controllers\Home->user()
#1 C:\Users\angel\Music\tokomakanan\system\CodeIgniter.php(419): CodeIgniter\CodeIgniter->runController(Object(App\Controllers\Home))
#2 C:\Users\angel\Music\tokomakanan\system\CodeIgniter.php(326): CodeIgniter\CodeIgniter->handleRequest(NULL, Object(Config\Cache), false)
#3 C:\Users\angel\Music\tokomakanan\public\index.php(37): CodeIgniter\CodeIgniter->run()
#4 C:\Users\angel\Music\tokomakanan\system\Commands\Server\rewrite.php(43): require_once('C:\\Users\\angel\\...')
#5 {main}
CRITICAL - 2024-11-06 08:27:05 --> You must set the database table to be used with your query.
#0 C:\Users\angel\Music\tokomakanan\system\Model.php(545): CodeIgniter\Database\BaseConnection->table(NULL)
#1 C:\Users\angel\Music\tokomakanan\system\Model.php(722): CodeIgniter\Model->builder()
#2 C:\Users\angel\Music\tokomakanan\app\Controllers\Home.php(106): CodeIgniter\Model->__call('input', Array)
#3 C:\Users\angel\Music\tokomakanan\system\CodeIgniter.php(832): App\Controllers\Home->simpan_menu()
#4 C:\Users\angel\Music\tokomakanan\system\CodeIgniter.php(419): CodeIgniter\CodeIgniter->runController(Object(App\Controllers\Home))
#5 C:\Users\angel\Music\tokomakanan\system\CodeIgniter.php(326): CodeIgniter\CodeIgniter->handleRequest(NULL, Object(Config\Cache), false)
#6 C:\Users\angel\Music\tokomakanan\public\index.php(37): CodeIgniter\CodeIgniter->run()
#7 C:\Users\angel\Music\tokomakanan\system\Commands\Server\rewrite.php(43): require_once('C:\\Users\\angel\\...')
#8 {main}
CRITICAL - 2024-11-06 08:30:21 --> You must set the database table to be used with your query.
#0 C:\Users\angel\Music\tokomakanan\system\Model.php(545): CodeIgniter\Database\BaseConnection->table(NULL)
#1 C:\Users\angel\Music\tokomakanan\system\Model.php(722): CodeIgniter\Model->builder()
#2 C:\Users\angel\Music\tokomakanan\app\Controllers\Home.php(120): CodeIgniter\Model->__call('getWhere', Array)
#3 C:\Users\angel\Music\tokomakanan\system\CodeIgniter.php(832): App\Controllers\Home->editmenu('1')
#4 C:\Users\angel\Music\tokomakanan\system\CodeIgniter.php(419): CodeIgniter\CodeIgniter->runController(Object(App\Controllers\Home))
#5 C:\Users\angel\Music\tokomakanan\system\CodeIgniter.php(326): CodeIgniter\CodeIgniter->handleRequest(NULL, Object(Config\Cache), false)
#6 C:\Users\angel\Music\tokomakanan\public\index.php(37): CodeIgniter\CodeIgniter->run()
#7 C:\Users\angel\Music\tokomakanan\system\Commands\Server\rewrite.php(43): require_once('C:\\Users\\angel\\...')
#8 {main}
CRITICAL - 2024-11-06 08:37:30 --> You must set the database table to be used with your query.
#0 C:\Users\angel\Music\tokomakanan\system\Model.php(545): CodeIgniter\Database\BaseConnection->table(NULL)
#1 C:\Users\angel\Music\tokomakanan\system\Model.php(722): CodeIgniter\Model->builder()
#2 C:\Users\angel\Music\tokomakanan\app\Controllers\Home.php(144): CodeIgniter\Model->__call('edit', Array)
#3 C:\Users\angel\Music\tokomakanan\system\CodeIgniter.php(832): App\Controllers\Home->simpan_edit_menu()
#4 C:\Users\angel\Music\tokomakanan\system\CodeIgniter.php(419): CodeIgniter\CodeIgniter->runController(Object(App\Controllers\Home))
#5 C:\Users\angel\Music\tokomakanan\system\CodeIgniter.php(326): CodeIgniter\CodeIgniter->handleRequest(NULL, Object(Config\Cache), false)
#6 C:\Users\angel\Music\tokomakanan\public\index.php(37): CodeIgniter\CodeIgniter->run()
#7 C:\Users\angel\Music\tokomakanan\system\Commands\Server\rewrite.php(43): require_once('C:\\Users\\angel\\...')
#8 {main}
CRITICAL - 2024-11-06 18:40:21 --> Invalid file: dashboard.php
#0 C:\Users\angel\Music\tokomakanan\system\View\View.php(198): CodeIgniter\Exceptions\FrameworkException::forInvalidFile('dashboard.php')
#1 C:\Users\angel\Music\tokomakanan\system\Common.php(1089): CodeIgniter\View\View->render('dashboard', Array, true)
#2 C:\Users\angel\Music\tokomakanan\app\Controllers\Home.php(49): view('dashboard')
#3 C:\Users\angel\Music\tokomakanan\system\CodeIgniter.php(832): App\Controllers\Home->dashboard()
#4 C:\Users\angel\Music\tokomakanan\system\CodeIgniter.php(419): CodeIgniter\CodeIgniter->runController(Object(App\Controllers\Home))
#5 C:\Users\angel\Music\tokomakanan\system\CodeIgniter.php(326): CodeIgniter\CodeIgniter->handleRequest(NULL, Object(Config\Cache), false)
#6 C:\Users\angel\Music\tokomakanan\public\index.php(37): CodeIgniter\CodeIgniter->run()
#7 C:\Users\angel\Music\tokomakanan\system\Commands\Server\rewrite.php(43): require_once('C:\\Users\\angel\\...')
#8 {main}
CRITICAL - 2024-11-06 18:57:04 --> Cannot redeclare App\Controllers\Home::simpan_edit_menu()
#0 [internal function]: CodeIgniter\Debug\Exceptions->shutdownHandler()
#1 {main}
CRITICAL - 2024-11-06 19:00:05 --> Invalid file: ecostumer.php
#0 C:\Users\angel\Music\tokomakanan\system\View\View.php(198): CodeIgniter\Exceptions\FrameworkException::forInvalidFile('ecostumer.php')
#1 C:\Users\angel\Music\tokomakanan\system\Common.php(1089): CodeIgniter\View\View->render('ecostumer', Array, true)
#2 C:\Users\angel\Music\tokomakanan\app\Controllers\Home.php(204): view('ecostumer', Array)
#3 C:\Users\angel\Music\tokomakanan\system\CodeIgniter.php(832): App\Controllers\Home->editcos('2')
#4 C:\Users\angel\Music\tokomakanan\system\CodeIgniter.php(419): CodeIgniter\CodeIgniter->runController(Object(App\Controllers\Home))
#5 C:\Users\angel\Music\tokomakanan\system\CodeIgniter.php(326): CodeIgniter\CodeIgniter->handleRequest(NULL, Object(Config\Cache), false)
#6 C:\Users\angel\Music\tokomakanan\public\index.php(37): CodeIgniter\CodeIgniter->run()
#7 C:\Users\angel\Music\tokomakanan\system\Commands\Server\rewrite.php(43): require_once('C:\\Users\\angel\\...')
#8 {main}
CRITICAL - 2024-11-06 19:00:05 --> Invalid file: ecostumer.php
#0 C:\Users\angel\Music\tokomakanan\system\View\View.php(198): CodeIgniter\Exceptions\FrameworkException::forInvalidFile('ecostumer.php')
#1 C:\Users\angel\Music\tokomakanan\system\Common.php(1089): CodeIgniter\View\View->render('ecostumer', Array, true)
#2 C:\Users\angel\Music\tokomakanan\app\Controllers\Home.php(204): view('ecostumer', Array)
#3 C:\Users\angel\Music\tokomakanan\system\CodeIgniter.php(832): App\Controllers\Home->editcos('assets', 'img', 'logo.png')
#4 C:\Users\angel\Music\tokomakanan\system\CodeIgniter.php(419): CodeIgniter\CodeIgniter->runController(Object(App\Controllers\Home))
#5 C:\Users\angel\Music\tokomakanan\system\CodeIgniter.php(326): CodeIgniter\CodeIgniter->handleRequest(NULL, Object(Config\Cache), false)
#6 C:\Users\angel\Music\tokomakanan\public\index.php(37): CodeIgniter\CodeIgniter->run()
#7 C:\Users\angel\Music\tokomakanan\system\Commands\Server\rewrite.php(43): require_once('C:\\Users\\angel\\...')
#8 {main}
CRITICAL - 2024-11-06 19:00:06 --> Invalid file: ecostumer.php
#0 C:\Users\angel\Music\tokomakanan\system\View\View.php(198): CodeIgniter\Exceptions\FrameworkException::forInvalidFile('ecostumer.php')
#1 C:\Users\angel\Music\tokomakanan\system\Common.php(1089): CodeIgniter\View\View->render('ecostumer', Array, true)
#2 C:\Users\angel\Music\tokomakanan\app\Controllers\Home.php(204): view('ecostumer', Array)
#3 C:\Users\angel\Music\tokomakanan\system\CodeIgniter.php(832): App\Controllers\Home->editcos('assets', 'img', 'messages-1.jpg')
#4 C:\Users\angel\Music\tokomakanan\system\CodeIgniter.php(419): CodeIgniter\CodeIgniter->runController(Object(App\Controllers\Home))
#5 C:\Users\angel\Music\tokomakanan\system\CodeIgniter.php(326): CodeIgniter\CodeIgniter->handleRequest(NULL, Object(Config\Cache), false)
#6 C:\Users\angel\Music\tokomakanan\public\index.php(37): CodeIgniter\CodeIgniter->run()
#7 C:\Users\angel\Music\tokomakanan\system\Commands\Server\rewrite.php(43): require_once('C:\\Users\\angel\\...')
#8 {main}
CRITICAL - 2024-11-06 19:00:06 --> Invalid file: ecostumer.php
#0 C:\Users\angel\Music\tokomakanan\system\View\View.php(198): CodeIgniter\Exceptions\FrameworkException::forInvalidFile('ecostumer.php')
#1 C:\Users\angel\Music\tokomakanan\system\Common.php(1089): CodeIgniter\View\View->render('ecostumer', Array, true)
#2 C:\Users\angel\Music\tokomakanan\app\Controllers\Home.php(204): view('ecostumer', Array)
#3 C:\Users\angel\Music\tokomakanan\system\CodeIgniter.php(832): App\Controllers\Home->editcos('assets', 'img', 'messages-2.jpg')
#4 C:\Users\angel\Music\tokomakanan\system\CodeIgniter.php(419): CodeIgniter\CodeIgniter->runController(Object(App\Controllers\Home))
#5 C:\Users\angel\Music\tokomakanan\system\CodeIgniter.php(326): CodeIgniter\CodeIgniter->handleRequest(NULL, Object(Config\Cache), false)
#6 C:\Users\angel\Music\tokomakanan\public\index.php(37): CodeIgniter\CodeIgniter->run()
#7 C:\Users\angel\Music\tokomakanan\system\Commands\Server\rewrite.php(43): require_once('C:\\Users\\angel\\...')
#8 {main}
CRITICAL - 2024-11-06 19:00:06 --> Invalid file: ecostumer.php
#0 C:\Users\angel\Music\tokomakanan\system\View\View.php(198): CodeIgniter\Exceptions\FrameworkException::forInvalidFile('ecostumer.php')
#1 C:\Users\angel\Music\tokomakanan\system\Common.php(1089): CodeIgniter\View\View->render('ecostumer', Array, true)
#2 C:\Users\angel\Music\tokomakanan\app\Controllers\Home.php(204): view('ecostumer', Array)
#3 C:\Users\angel\Music\tokomakanan\system\CodeIgniter.php(832): App\Controllers\Home->editcos('assets', 'img', 'messages-3.jpg')
#4 C:\Users\angel\Music\tokomakanan\system\CodeIgniter.php(419): CodeIgniter\CodeIgniter->runController(Object(App\Controllers\Home))
#5 C:\Users\angel\Music\tokomakanan\system\CodeIgniter.php(326): CodeIgniter\CodeIgniter->handleRequest(NULL, Object(Config\Cache), false)
#6 C:\Users\angel\Music\tokomakanan\public\index.php(37): CodeIgniter\CodeIgniter->run()
#7 C:\Users\angel\Music\tokomakanan\system\Commands\Server\rewrite.php(43): require_once('C:\\Users\\angel\\...')
#8 {main}
ERROR - 2024-11-06 19:35:01 --> Unknown column 'jenis_kelamin' in 'field list'
ERROR - 2024-11-06 19:37:52 --> Duplicate entry '0' for key 'PRIMARY'
ERROR - 2024-11-06 19:37:52 --> Column 'id_user' cannot be null
CRITICAL - 2024-11-06 19:54:38 --> syntax error, unexpected end of file, expecting function (T_FUNCTION) or const (T_CONST)
#0 C:\Users\angel\Music\tokomakanan\system\Router\Router.php(175): CodeIgniter\Router\Router->autoRoute('home/karyawan')
#1 C:\Users\angel\Music\tokomakanan\system\CodeIgniter.php(726): CodeIgniter\Router\Router->handle('home/karyawan')
#2 C:\Users\angel\Music\tokomakanan\system\CodeIgniter.php(368): CodeIgniter\CodeIgniter->tryToRouteIt(Object(CodeIgniter\Router\RouteCollection))
#3 C:\Users\angel\Music\tokomakanan\system\CodeIgniter.php(326): CodeIgniter\CodeIgniter->handleRequest(NULL, Object(Config\Cache), false)
#4 C:\Users\angel\Music\tokomakanan\public\index.php(37): CodeIgniter\CodeIgniter->run()
#5 C:\Users\angel\Music\tokomakanan\system\Commands\Server\rewrite.php(43): require_once('C:\\Users\\angel\\...')
#6 {main}
CRITICAL - 2024-11-06 19:54:40 --> syntax error, unexpected end of file, expecting function (T_FUNCTION) or const (T_CONST)
#0 C:\Users\angel\Music\tokomakanan\system\Router\Router.php(175): CodeIgniter\Router\Router->autoRoute('home/karyawan')
#1 C:\Users\angel\Music\tokomakanan\system\CodeIgniter.php(726): CodeIgniter\Router\Router->handle('home/karyawan')
#2 C:\Users\angel\Music\tokomakanan\system\CodeIgniter.php(368): CodeIgniter\CodeIgniter->tryToRouteIt(Object(CodeIgniter\Router\RouteCollection))
#3 C:\Users\angel\Music\tokomakanan\system\CodeIgniter.php(326): CodeIgniter\CodeIgniter->handleRequest(NULL, Object(Config\Cache), false)
#4 C:\Users\angel\Music\tokomakanan\public\index.php(37): CodeIgniter\CodeIgniter->run()
#5 C:\Users\angel\Music\tokomakanan\system\Commands\Server\rewrite.php(43): require_once('C:\\Users\\angel\\...')
#6 {main}
CRITICAL - 2024-11-06 19:55:04 --> You must set the database table to be used with your query.
#0 C:\Users\angel\Music\tokomakanan\system\Model.php(545): CodeIgniter\Database\BaseConnection->table(NULL)
#1 C:\Users\angel\Music\tokomakanan\system\Model.php(722): CodeIgniter\Model->builder()
#2 C:\Users\angel\Music\tokomakanan\app\Controllers\Home.php(282): CodeIgniter\Model->__call('joinw', Array)
#3 C:\Users\angel\Music\tokomakanan\system\CodeIgniter.php(832): App\Controllers\Home->editkaryawan('1')
#4 C:\Users\angel\Music\tokomakanan\system\CodeIgniter.php(419): CodeIgniter\CodeIgniter->runController(Object(App\Controllers\Home))
#5 C:\Users\angel\Music\tokomakanan\system\CodeIgniter.php(326): CodeIgniter\CodeIgniter->handleRequest(NULL, Object(Config\Cache), false)
#6 C:\Users\angel\Music\tokomakanan\public\index.php(37): CodeIgniter\CodeIgniter->run()
#7 C:\Users\angel\Music\tokomakanan\system\Commands\Server\rewrite.php(43): require_once('C:\\Users\\angel\\...')
#8 {main}
CRITICAL - 2024-11-06 19:59:23 --> syntax error, unexpected 'ss' (T_STRING), expecting function (T_FUNCTION) or const (T_CONST)
#0 C:\Users\angel\Music\tokomakanan\system\Router\Router.php(175): CodeIgniter\Router\Router->autoRoute('Home/editkaryaw...')
#1 C:\Users\angel\Music\tokomakanan\system\CodeIgniter.php(726): CodeIgniter\Router\Router->handle('Home/editkaryaw...')
#2 C:\Users\angel\Music\tokomakanan\system\CodeIgniter.php(368): CodeIgniter\CodeIgniter->tryToRouteIt(Object(CodeIgniter\Router\RouteCollection))
#3 C:\Users\angel\Music\tokomakanan\system\CodeIgniter.php(326): CodeIgniter\CodeIgniter->handleRequest(NULL, Object(Config\Cache), false)
#4 C:\Users\angel\Music\tokomakanan\public\index.php(37): CodeIgniter\CodeIgniter->run()
#5 C:\Users\angel\Music\tokomakanan\system\Commands\Server\rewrite.php(43): require_once('C:\\Users\\angel\\...')
#6 {main}
ERROR - 2024-11-06 19:59:52 --> Unknown column 'no_handphone' in 'field list'
ERROR - 2024-11-06 20:00:18 --> Unknown column 'no_handphone' in 'field list'
ERROR - 2024-11-06 20:01:32 --> Duplicate entry '0' for key 'PRIMARY'
ERROR - 2024-11-06 20:01:32 --> Column 'id_user' cannot be null
