CRITICAL - 2024-12-01 19:05:00 --> number_format() expects parameter 1 to be float, string given
#0 [internal function]: CodeIgniter\Debug\Exceptions->errorHandler(2, 'number_format()...', 'C:\\Users\\angel\\...', 35, Array)
#1 C:\Users\angel\Music\tokomakanan\app\Views\dashboard.php(35): number_format('', 0, ',', '.')
#2 C:\Users\angel\Music\tokomakanan\system\View\View.php(210): include('C:\\Users\\angel\\...')
#3 C:\Users\angel\Music\tokomakanan\system\View\View.php(213): CodeIgniter\View\View->CodeIgniter\View\{closure}()
#4 C:\Users\angel\Music\tokomakanan\system\Common.php(1089): CodeIgniter\View\View->render('dashboard', Array, true)
#5 C:\Users\angel\Music\tokomakanan\app\Controllers\Home.php(62): view('dashboard', Array)
#6 C:\Users\angel\Music\tokomakanan\system\CodeIgniter.php(832): App\Controllers\Home->dashboard()
#7 C:\Users\angel\Music\tokomakanan\system\CodeIgniter.php(419): CodeIgniter\CodeIgniter->runController(Object(App\Controllers\Home))
#8 C:\Users\angel\Music\tokomakanan\system\CodeIgniter.php(326): CodeIgniter\CodeIgniter->handleRequest(NULL, Object(Config\Cache), false)
#9 C:\Users\angel\Music\tokomakanan\public\index.php(37): CodeIgniter\CodeIgniter->run()
#10 C:\Users\angel\Music\tokomakanan\system\Commands\Server\rewrite.php(43): require_once('C:\\Users\\angel\\...')
#11 {main}
CRITICAL - 2024-12-01 19:05:39 --> number_format() expects parameter 1 to be float, string given
#0 [internal function]: CodeIgniter\Debug\Exceptions->errorHandler(2, 'number_format()...', 'C:\\Users\\angel\\...', 35, Array)
#1 C:\Users\angel\Music\tokomakanan\app\Views\dashboard.php(35): number_format('', 0, ',', '.')
#2 C:\Users\angel\Music\tokomakanan\system\View\View.php(210): include('C:\\Users\\angel\\...')
#3 C:\Users\angel\Music\tokomakanan\system\View\View.php(213): CodeIgniter\View\View->CodeIgniter\View\{closure}()
#4 C:\Users\angel\Music\tokomakanan\system\Common.php(1089): CodeIgniter\View\View->render('dashboard', Array, true)
#5 C:\Users\angel\Music\tokomakanan\app\Controllers\Home.php(62): view('dashboard', Array)
#6 C:\Users\angel\Music\tokomakanan\system\CodeIgniter.php(832): App\Controllers\Home->dashboard()
#7 C:\Users\angel\Music\tokomakanan\system\CodeIgniter.php(419): CodeIgniter\CodeIgniter->runController(Object(App\Controllers\Home))
#8 C:\Users\angel\Music\tokomakanan\system\CodeIgniter.php(326): CodeIgniter\CodeIgniter->handleRequest(NULL, Object(Config\Cache), false)
#9 C:\Users\angel\Music\tokomakanan\public\index.php(37): CodeIgniter\CodeIgniter->run()
#10 C:\Users\angel\Music\tokomakanan\system\Commands\Server\rewrite.php(43): require_once('C:\\Users\\angel\\...')
#11 {main}
CRITICAL - 2024-12-01 19:07:56 --> number_format() expects parameter 1 to be float, string given
#0 [internal function]: CodeIgniter\Debug\Exceptions->errorHandler(2, 'number_format()...', 'C:\\Users\\angel\\...', 35, Array)
#1 C:\Users\angel\Music\tokomakanan\app\Views\dashboard.php(35): number_format('', 0, ',', '.')
#2 C:\Users\angel\Music\tokomakanan\system\View\View.php(210): include('C:\\Users\\angel\\...')
#3 C:\Users\angel\Music\tokomakanan\system\View\View.php(213): CodeIgniter\View\View->CodeIgniter\View\{closure}()
#4 C:\Users\angel\Music\tokomakanan\system\Common.php(1089): CodeIgniter\View\View->render('dashboard', Array, true)
#5 C:\Users\angel\Music\tokomakanan\app\Controllers\Home.php(62): view('dashboard', Array)
#6 C:\Users\angel\Music\tokomakanan\system\CodeIgniter.php(832): App\Controllers\Home->dashboard()
#7 C:\Users\angel\Music\tokomakanan\system\CodeIgniter.php(419): CodeIgniter\CodeIgniter->runController(Object(App\Controllers\Home))
#8 C:\Users\angel\Music\tokomakanan\system\CodeIgniter.php(326): CodeIgniter\CodeIgniter->handleRequest(NULL, Object(Config\Cache), false)
#9 C:\Users\angel\Music\tokomakanan\public\index.php(37): CodeIgniter\CodeIgniter->run()
#10 C:\Users\angel\Music\tokomakanan\system\Commands\Server\rewrite.php(43): require_once('C:\\Users\\angel\\...')
#11 {main}
CRITICAL - 2024-12-01 19:09:15 --> number_format() expects parameter 1 to be float, string given
#0 [internal function]: CodeIgniter\Debug\Exceptions->errorHandler(2, 'number_format()...', 'C:\\Users\\angel\\...', 36, Array)
#1 C:\Users\angel\Music\tokomakanan\app\Views\dashboard.php(36): number_format('', 0, ',', '.')
#2 C:\Users\angel\Music\tokomakanan\system\View\View.php(210): include('C:\\Users\\angel\\...')
#3 C:\Users\angel\Music\tokomakanan\system\View\View.php(213): CodeIgniter\View\View->CodeIgniter\View\{closure}()
#4 C:\Users\angel\Music\tokomakanan\system\Common.php(1089): CodeIgniter\View\View->render('dashboard', Array, true)
#5 C:\Users\angel\Music\tokomakanan\app\Controllers\Home.php(62): view('dashboard', Array)
#6 C:\Users\angel\Music\tokomakanan\system\CodeIgniter.php(832): App\Controllers\Home->dashboard()
#7 C:\Users\angel\Music\tokomakanan\system\CodeIgniter.php(419): CodeIgniter\CodeIgniter->runController(Object(App\Controllers\Home))
#8 C:\Users\angel\Music\tokomakanan\system\CodeIgniter.php(326): CodeIgniter\CodeIgniter->handleRequest(NULL, Object(Config\Cache), false)
#9 C:\Users\angel\Music\tokomakanan\public\index.php(37): CodeIgniter\CodeIgniter->run()
#10 C:\Users\angel\Music\tokomakanan\system\Commands\Server\rewrite.php(43): require_once('C:\\Users\\angel\\...')
#11 {main}
CRITICAL - 2024-12-01 19:09:49 --> number_format() expects parameter 1 to be float, string given
#0 [internal function]: CodeIgniter\Debug\Exceptions->errorHandler(2, 'number_format()...', 'C:\\Users\\angel\\...', 35, Array)
#1 C:\Users\angel\Music\tokomakanan\app\Views\dashboard.php(35): number_format('', 0, ',', '.')
#2 C:\Users\angel\Music\tokomakanan\system\View\View.php(210): include('C:\\Users\\angel\\...')
#3 C:\Users\angel\Music\tokomakanan\system\View\View.php(213): CodeIgniter\View\View->CodeIgniter\View\{closure}()
#4 C:\Users\angel\Music\tokomakanan\system\Common.php(1089): CodeIgniter\View\View->render('dashboard', Array, true)
#5 C:\Users\angel\Music\tokomakanan\app\Controllers\Home.php(62): view('dashboard', Array)
#6 C:\Users\angel\Music\tokomakanan\system\CodeIgniter.php(832): App\Controllers\Home->dashboard()
#7 C:\Users\angel\Music\tokomakanan\system\CodeIgniter.php(419): CodeIgniter\CodeIgniter->runController(Object(App\Controllers\Home))
#8 C:\Users\angel\Music\tokomakanan\system\CodeIgniter.php(326): CodeIgniter\CodeIgniter->handleRequest(NULL, Object(Config\Cache), false)
#9 C:\Users\angel\Music\tokomakanan\public\index.php(37): CodeIgniter\CodeIgniter->run()
#10 C:\Users\angel\Music\tokomakanan\system\Commands\Server\rewrite.php(43): require_once('C:\\Users\\angel\\...')
#11 {main}
ERROR - 2024-12-01 19:33:14 --> Error connecting to the database: No connection could be made because the target machine actively refused it.

CRITICAL - 2024-12-01 19:33:14 --> Unable to connect to the database.
Main connection [MySQLi]: No connection could be made because the target machine actively refused it.

#0 C:\Users\angel\Music\tokomakanan\system\Database\BaseConnection.php(577): CodeIgniter\Database\BaseConnection->initialize()
#1 C:\Users\angel\Music\tokomakanan\system\Database\BaseBuilder.php(1455): CodeIgniter\Database\BaseConnection->query('SELECT *\nFROM `...', Array, false)
#2 C:\Users\angel\Music\tokomakanan\app\Models\M_belajar.php(16): CodeIgniter\Database\BaseBuilder->get()
#3 C:\Users\angel\Music\tokomakanan\app\Controllers\Home.php(92): App\Models\M_belajar->tampil('order', 'id_order')
#4 C:\Users\angel\Music\tokomakanan\system\CodeIgniter.php(832): App\Controllers\Home->order()
#5 C:\Users\angel\Music\tokomakanan\system\CodeIgniter.php(419): CodeIgniter\CodeIgniter->runController(Object(App\Controllers\Home))
#6 C:\Users\angel\Music\tokomakanan\system\CodeIgniter.php(326): CodeIgniter\CodeIgniter->handleRequest(NULL, Object(Config\Cache), false)
#7 C:\Users\angel\Music\tokomakanan\public\index.php(37): CodeIgniter\CodeIgniter->run()
#8 C:\Users\angel\Music\tokomakanan\system\Commands\Server\rewrite.php(43): require_once('C:\\Users\\angel\\...')
#9 {main}
